{"D:\\Проги\\прожки\\Из нета\\RSScool2026\\rs-react-app\\src\\App.tsx": {"path":"D:\\Проги\\прожки\\Из нета\\RSScool2026\\rs-react-app\\src\\App.tsx","statementMap":{"0":{"start":{"line":26,"column":14},"end":{"line":52,"column":null}},"1":{"start":{"line":12,"column":4},"end":{"line":12,"column":null}},"2":{"start":{"line":13,"column":4},"end":{"line":18,"column":null}},"3":{"start":{"line":23,"column":4},"end":{"line":23,"column":null}},"4":{"start":{"line":27,"column":24},"end":{"line":27,"column":35}},"5":{"start":{"line":28,"column":4},"end":{"line":28,"column":null}},"6":{"start":{"line":31,"column":4},"end":{"line":31,"column":null}},"7":{"start":{"line":33,"column":4},"end":{"line":52,"column":null}},"8":{"start":{"line":34,"column":23},"end":{"line":35,"column":null}},"9":{"start":{"line":38,"column":19},"end":{"line":38,"column":40}},"10":{"start":{"line":40,"column":6},"end":{"line":48,"column":null}},"11":{"start":{"line":41,"column":8},"end":{"line":45,"column":null}},"12":{"start":{"line":48,"column":8},"end":{"line":48,"column":null}},"13":{"start":{"line":51,"column":6},"end":{"line":51,"column":null}},"14":{"start":{"line":52,"column":6},"end":{"line":52,"column":null}},"15":{"start":{"line":57,"column":35},"end":{"line":57,"column":null}},"16":{"start":{"line":59,"column":4},"end":{"line":86,"column":null}},"17":{"start":{"line":74,"column":20},"end":{"line":74,"column":null}}},"fnMap":{"0":{"name":"(anonymous_0)","decl":{"start":{"line":11,"column":2},"end":{"line":11,"column":14}},"loc":{"start":{"line":11,"column":44},"end":{"line":18,"column":null}},"line":11},"1":{"name":"(anonymous_1)","decl":{"start":{"line":21,"column":2},"end":{"line":21,"column":22}},"loc":{"start":{"line":21,"column":22},"end":{"line":23,"column":null}},"line":21},"2":{"name":"(anonymous_2)","decl":{"start":{"line":26,"column":14},"end":{"line":26,"column":21}},"loc":{"start":{"line":26,"column":38},"end":{"line":52,"column":null}},"line":26},"3":{"name":"(anonymous_3)","decl":{"start":{"line":56,"column":2},"end":{"line":56,"column":11}},"loc":{"start":{"line":56,"column":11},"end":{"line":86,"column":null}},"line":56},"4":{"name":"(anonymous_4)","decl":{"start":{"line":73,"column":26},"end":{"line":73,"column":31}},"loc":{"start":{"line":74,"column":20},"end":{"line":74,"column":null}},"line":74}},"branchMap":{"0":{"loc":{"start":{"line":16,"column":18},"end":{"line":16,"column":null}},"type":"binary-expr","locations":[{"start":{"line":16,"column":18},"end":{"line":16,"column":53}},{"start":{"line":16,"column":57},"end":{"line":16,"column":null}}],"line":16},"1":{"loc":{"start":{"line":40,"column":6},"end":{"line":48,"column":null}},"type":"if","locations":[{"start":{"line":40,"column":6},"end":{"line":48,"column":null}},{"start":{"line":46,"column":13},"end":{"line":48,"column":null}}],"line":40},"2":{"loc":{"start":{"line":40,"column":10},"end":{"line":40,"column":39}},"type":"binary-expr","locations":[{"start":{"line":40,"column":10},"end":{"line":40,"column":25}},{"start":{"line":40,"column":25},"end":{"line":40,"column":39}}],"line":40},"3":{"loc":{"start":{"line":68,"column":13},"end":{"line":79,"column":null}},"type":"cond-expr","locations":[{"start":{"line":69,"column":14},"end":{"line":71,"column":15}},{"start":{"line":71,"column":14},"end":{"line":79,"column":null}}],"line":68},"4":{"loc":{"start":{"line":72,"column":17},"end":{"line":77,"column":null}},"type":"cond-expr","locations":[{"start":{"line":73,"column":18},"end":{"line":74,"column":null}},{"start":{"line":77,"column":18},"end":{"line":77,"column":null}}],"line":72}},"s":{"0":3,"1":3,"2":3,"3":3,"4":3,"5":3,"6":3,"7":3,"8":3,"9":2,"10":2,"11":1,"12":1,"13":0,"14":0,"15":8,"16":8,"17":1},"f":{"0":3,"1":3,"2":3,"3":8,"4":1},"b":{"0":[3,3],"1":[1,1],"2":[2,1],"3":[3,5],"4":[1,4]},"meta":{"lastBranch":5,"lastFunction":5,"lastStatement":18,"seen":{"s:26:14:52:Infinity":0,"f:11:2:11:14":0,"s:12:4:12:Infinity":1,"s:13:4:18:Infinity":2,"b:16:18:16:53:16:57:16:Infinity":0,"f:21:2:21:22":1,"s:23:4:23:Infinity":3,"f:26:14:26:21":2,"s:27:24:27:35":4,"s:28:4:28:Infinity":5,"s:31:4:31:Infinity":6,"s:33:4:52:Infinity":7,"s:34:23:35:Infinity":8,"s:38:19:38:40":9,"b:40:6:48:Infinity:46:13:48:Infinity":1,"s:40:6:48:Infinity":10,"b:40:10:40:25:40:25:40:39":2,"s:41:8:45:Infinity":11,"s:48:8:48:Infinity":12,"s:51:6:51:Infinity":13,"s:52:6:52:Infinity":14,"f:56:2:56:11":3,"s:57:35:57:Infinity":15,"s:59:4:86:Infinity":16,"b:69:14:71:15:71:14:79:Infinity":3,"b:73:18:74:Infinity:77:18:77:Infinity":4,"f:73:26:73:31":4,"s:74:20:74:Infinity":17}}}
,"D:\\Проги\\прожки\\Из нета\\RSScool2026\\rs-react-app\\src\\api.ts": {"path":"D:\\Проги\\прожки\\Из нета\\RSScool2026\\rs-react-app\\src\\api.ts","statementMap":{"0":{"start":{"line":12,"column":25},"end":{"line":22,"column":null}},"1":{"start":{"line":13,"column":14},"end":{"line":13,"column":null}},"2":{"start":{"line":15,"column":19},"end":{"line":15,"column":35}},"3":{"start":{"line":17,"column":2},"end":{"line":19,"column":null}},"4":{"start":{"line":18,"column":4},"end":{"line":18,"column":null}},"5":{"start":{"line":18,"column":33},"end":{"line":18,"column":null}},"6":{"start":{"line":19,"column":4},"end":{"line":19,"column":null}},"7":{"start":{"line":22,"column":2},"end":{"line":22,"column":null}}},"fnMap":{"0":{"name":"(anonymous_0)","decl":{"start":{"line":12,"column":25},"end":{"line":12,"column":32}},"loc":{"start":{"line":12,"column":77},"end":{"line":22,"column":null}},"line":12}},"branchMap":{"0":{"loc":{"start":{"line":17,"column":2},"end":{"line":19,"column":null}},"type":"if","locations":[{"start":{"line":17,"column":2},"end":{"line":19,"column":null}},{"start":{},"end":{}}],"line":17},"1":{"loc":{"start":{"line":18,"column":4},"end":{"line":18,"column":null}},"type":"if","locations":[{"start":{"line":18,"column":4},"end":{"line":18,"column":null}},{"start":{},"end":{}}],"line":18}},"s":{"0":1,"1":2,"2":2,"3":1,"4":0,"5":0,"6":0,"7":1},"f":{"0":2},"b":{"0":[0,1],"1":[0,0]},"meta":{"lastBranch":2,"lastFunction":1,"lastStatement":8,"seen":{"s:12:25:22:Infinity":0,"f:12:25:12:32":0,"s:13:14:13:Infinity":1,"s:15:19:15:35":2,"b:17:2:19:Infinity:undefined:undefined:undefined:undefined":0,"s:17:2:19:Infinity":3,"b:18:4:18:Infinity:undefined:undefined:undefined:undefined":1,"s:18:4:18:Infinity":4,"s:18:33:18:Infinity":5,"s:19:4:19:Infinity":6,"s:22:2:22:Infinity":7}}}
,"D:\\Проги\\прожки\\Из нета\\RSScool2026\\rs-react-app\\src\\components\\Card.tsx": {"path":"D:\\Проги\\прожки\\Из нета\\RSScool2026\\rs-react-app\\src\\components\\Card.tsx","statementMap":{"0":{"start":{"line":11,"column":26},"end":{"line":11,"column":null}},"1":{"start":{"line":12,"column":4},"end":{"line":16,"column":null}}},"fnMap":{"0":{"name":"(anonymous_0)","decl":{"start":{"line":10,"column":2},"end":{"line":10,"column":11}},"loc":{"start":{"line":10,"column":11},"end":{"line":16,"column":null}},"line":10}},"branchMap":{},"s":{"0":6,"1":6},"f":{"0":6},"b":{},"meta":{"lastBranch":0,"lastFunction":1,"lastStatement":2,"seen":{"f:10:2:10:11":0,"s:11:26:11:Infinity":0,"s:12:4:16:Infinity":1}}}
,"D:\\Проги\\прожки\\Из нета\\RSScool2026\\rs-react-app\\src\\components\\CardList.tsx": {"path":"D:\\Проги\\прожки\\Из нета\\RSScool2026\\rs-react-app\\src\\components\\CardList.tsx","statementMap":{"0":{"start":{"line":12,"column":27},"end":{"line":12,"column":null}},"1":{"start":{"line":14,"column":4},"end":{"line":15,"column":null}},"2":{"start":{"line":15,"column":6},"end":{"line":15,"column":null}},"3":{"start":{"line":18,"column":4},"end":{"line":23,"column":null}},"4":{"start":{"line":21,"column":10},"end":{"line":21,"column":null}}},"fnMap":{"0":{"name":"(anonymous_0)","decl":{"start":{"line":11,"column":2},"end":{"line":11,"column":11}},"loc":{"start":{"line":11,"column":11},"end":{"line":23,"column":null}},"line":11},"1":{"name":"(anonymous_1)","decl":{"start":{"line":20,"column":20},"end":{"line":20,"column":25}},"loc":{"start":{"line":21,"column":10},"end":{"line":21,"column":null}},"line":21}},"branchMap":{"0":{"loc":{"start":{"line":14,"column":4},"end":{"line":15,"column":null}},"type":"if","locations":[{"start":{"line":14,"column":4},"end":{"line":15,"column":null}},{"start":{},"end":{}}],"line":14}},"s":{"0":2,"1":2,"2":1,"3":1,"4":2},"f":{"0":2,"1":2},"b":{"0":[1,1]},"meta":{"lastBranch":1,"lastFunction":2,"lastStatement":5,"seen":{"f:11:2:11:11":0,"s:12:27:12:Infinity":0,"b:14:4:15:Infinity:undefined:undefined:undefined:undefined":0,"s:14:4:15:Infinity":1,"s:15:6:15:Infinity":2,"s:18:4:23:Infinity":3,"f:20:20:20:25":1,"s:21:10:21:Infinity":4}}}
,"D:\\Проги\\прожки\\Из нета\\RSScool2026\\rs-react-app\\src\\components\\ErrorBoundary.tsx": {"path":"D:\\Проги\\прожки\\Из нета\\RSScool2026\\rs-react-app\\src\\components\\ErrorBoundary.tsx","statementMap":{"0":{"start":{"line":14,"column":4},"end":{"line":14,"column":null}},"1":{"start":{"line":15,"column":4},"end":{"line":15,"column":null}},"2":{"start":{"line":20,"column":4},"end":{"line":20,"column":null}},"3":{"start":{"line":24,"column":4},"end":{"line":24,"column":null}},"4":{"start":{"line":28,"column":4},"end":{"line":37,"column":null}},"5":{"start":{"line":29,"column":6},"end":{"line":37,"column":null}},"6":{"start":{"line":34,"column":27},"end":{"line":34,"column":61}},"7":{"start":{"line":42,"column":4},"end":{"line":42,"column":null}}},"fnMap":{"0":{"name":"(anonymous_0)","decl":{"start":{"line":13,"column":2},"end":{"line":13,"column":14}},"loc":{"start":{"line":13,"column":28},"end":{"line":15,"column":null}},"line":13},"1":{"name":"(anonymous_1)","decl":{"start":{"line":19,"column":9},"end":{"line":19,"column":43}},"loc":{"start":{"line":19,"column":43},"end":{"line":20,"column":null}},"line":19},"2":{"name":"(anonymous_2)","decl":{"start":{"line":23,"column":2},"end":{"line":23,"column":20}},"loc":{"start":{"line":23,"column":56},"end":{"line":24,"column":null}},"line":23},"3":{"name":"(anonymous_3)","decl":{"start":{"line":27,"column":2},"end":{"line":27,"column":11}},"loc":{"start":{"line":27,"column":11},"end":{"line":42,"column":null}},"line":27},"4":{"name":"(anonymous_4)","decl":{"start":{"line":34,"column":12},"end":{"line":34,"column":27}},"loc":{"start":{"line":34,"column":27},"end":{"line":34,"column":61}},"line":34}},"branchMap":{"0":{"loc":{"start":{"line":28,"column":4},"end":{"line":37,"column":null}},"type":"if","locations":[{"start":{"line":28,"column":4},"end":{"line":37,"column":null}},{"start":{},"end":{}}],"line":28}},"s":{"0":9,"1":9,"2":4,"3":2,"4":19,"5":5,"6":1,"7":14},"f":{"0":9,"1":2,"2":2,"3":19,"4":1},"b":{"0":[5,14]},"meta":{"lastBranch":1,"lastFunction":5,"lastStatement":8,"seen":{"f:13:2:13:14":0,"s:14:4:14:Infinity":0,"s:15:4:15:Infinity":1,"f:19:9:19:43":1,"s:20:4:20:Infinity":2,"f:23:2:23:20":2,"s:24:4:24:Infinity":3,"f:27:2:27:11":3,"b:28:4:37:Infinity:undefined:undefined:undefined:undefined":0,"s:28:4:37:Infinity":4,"s:29:6:37:Infinity":5,"f:34:12:34:27":4,"s:34:27:34:61":6,"s:42:4:42:Infinity":7}}}
,"D:\\Проги\\прожки\\Из нета\\RSScool2026\\rs-react-app\\src\\components\\ErrorButton.tsx": {"path":"D:\\Проги\\прожки\\Из нета\\RSScool2026\\rs-react-app\\src\\components\\ErrorButton.tsx","statementMap":{"0":{"start":{"line":14,"column":2},"end":{"line":15,"column":null}},"1":{"start":{"line":10,"column":4},"end":{"line":10,"column":null}},"2":{"start":{"line":11,"column":4},"end":{"line":11,"column":null}},"3":{"start":{"line":15,"column":4},"end":{"line":15,"column":null}},"4":{"start":{"line":19,"column":4},"end":{"line":20,"column":null}},"5":{"start":{"line":20,"column":6},"end":{"line":20,"column":null}},"6":{"start":{"line":23,"column":4},"end":{"line":31,"column":null}}},"fnMap":{"0":{"name":"(anonymous_0)","decl":{"start":{"line":9,"column":2},"end":{"line":9,"column":14}},"loc":{"start":{"line":9,"column":44},"end":{"line":11,"column":null}},"line":9},"1":{"name":"(anonymous_1)","decl":{"start":{"line":14,"column":2},"end":{"line":14,"column":22}},"loc":{"start":{"line":14,"column":22},"end":{"line":15,"column":null}},"line":14},"2":{"name":"(anonymous_2)","decl":{"start":{"line":18,"column":2},"end":{"line":18,"column":11}},"loc":{"start":{"line":18,"column":11},"end":{"line":31,"column":null}},"line":18}},"branchMap":{"0":{"loc":{"start":{"line":19,"column":4},"end":{"line":20,"column":null}},"type":"if","locations":[{"start":{"line":19,"column":4},"end":{"line":20,"column":null}},{"start":{},"end":{}}],"line":19}},"s":{"0":1,"1":5,"2":5,"3":1,"4":11,"5":2,"6":9},"f":{"0":5,"1":1,"2":11},"b":{"0":[2,9]},"meta":{"lastBranch":1,"lastFunction":3,"lastStatement":7,"seen":{"s:14:2:15:Infinity":0,"f:9:2:9:14":0,"s:10:4:10:Infinity":1,"s:11:4:11:Infinity":2,"f:14:2:14:22":1,"s:15:4:15:Infinity":3,"f:18:2:18:11":2,"b:19:4:20:Infinity:undefined:undefined:undefined:undefined":0,"s:19:4:20:Infinity":4,"s:20:6:20:Infinity":5,"s:23:4:31:Infinity":6}}}
,"D:\\Проги\\прожки\\Из нета\\RSScool2026\\rs-react-app\\src\\components\\SearchBar.tsx": {"path":"D:\\Проги\\прожки\\Из нета\\RSScool2026\\rs-react-app\\src\\components\\SearchBar.tsx","statementMap":{"0":{"start":{"line":26,"column":2},"end":{"line":27,"column":null}},"1":{"start":{"line":31,"column":2},"end":{"line":38,"column":null}},"2":{"start":{"line":15,"column":4},"end":{"line":15,"column":null}},"3":{"start":{"line":18,"column":22},"end":{"line":18,"column":null}},"4":{"start":{"line":20,"column":4},"end":{"line":22,"column":null}},"5":{"start":{"line":27,"column":4},"end":{"line":27,"column":null}},"6":{"start":{"line":32,"column":17},"end":{"line":32,"column":45}},"7":{"start":{"line":35,"column":4},"end":{"line":35,"column":null}},"8":{"start":{"line":38,"column":4},"end":{"line":38,"column":null}},"9":{"start":{"line":42,"column":4},"end":{"line":57,"column":null}}},"fnMap":{"0":{"name":"(anonymous_0)","decl":{"start":{"line":14,"column":2},"end":{"line":14,"column":14}},"loc":{"start":{"line":14,"column":34},"end":{"line":22,"column":null}},"line":14},"1":{"name":"(anonymous_1)","decl":{"start":{"line":26,"column":2},"end":{"line":26,"column":23}},"loc":{"start":{"line":26,"column":64},"end":{"line":27,"column":null}},"line":26},"2":{"name":"(anonymous_2)","decl":{"start":{"line":31,"column":2},"end":{"line":31,"column":28}},"loc":{"start":{"line":31,"column":28},"end":{"line":38,"column":null}},"line":31},"3":{"name":"(anonymous_3)","decl":{"start":{"line":41,"column":2},"end":{"line":41,"column":11}},"loc":{"start":{"line":41,"column":11},"end":{"line":57,"column":null}},"line":41}},"branchMap":{"0":{"loc":{"start":{"line":18,"column":22},"end":{"line":18,"column":null}},"type":"binary-expr","locations":[{"start":{"line":18,"column":22},"end":{"line":18,"column":57}},{"start":{"line":18,"column":61},"end":{"line":18,"column":null}}],"line":18}},"s":{"0":1,"1":1,"2":5,"3":5,"4":5,"5":1,"6":1,"7":1,"8":1,"9":11},"f":{"0":5,"1":1,"2":1,"3":11},"b":{"0":[5,4]},"meta":{"lastBranch":1,"lastFunction":4,"lastStatement":10,"seen":{"s:26:2:27:Infinity":0,"s:31:2:38:Infinity":1,"f:14:2:14:14":0,"s:15:4:15:Infinity":2,"s:18:22:18:Infinity":3,"b:18:22:18:57:18:61:18:Infinity":0,"s:20:4:22:Infinity":4,"f:26:2:26:23":1,"s:27:4:27:Infinity":5,"f:31:2:31:28":2,"s:32:17:32:45":6,"s:35:4:35:Infinity":7,"s:38:4:38:Infinity":8,"f:41:2:41:11":3,"s:42:4:57:Infinity":9}}}
}
