{"D:\\Проги\\прожки\\Из нета\\RSScool2026\\rsschool-cv\\src\\App.tsx": {"path":"D:\\Проги\\прожки\\Из нета\\RSScool2026\\rsschool-cv\\src\\App.tsx","statementMap":{"0":{"start":{"line":16,"column":6},"end":{"line":152,"column":null}},"1":{"start":{"line":17,"column":18},"end":{"line":17,"column":57}},"2":{"start":{"line":18,"column":20},"end":{"line":18,"column":51}},"3":{"start":{"line":19,"column":23},"end":{"line":19,"column":59}},"4":{"start":{"line":21,"column":17},"end":{"line":21,"column":43}},"5":{"start":{"line":23,"column":22},"end":{"line":23,"column":67}},"6":{"start":{"line":24,"column":22},"end":{"line":24,"column":null}},"7":{"start":{"line":26,"column":2},"end":{"line":30,"column":null}},"8":{"start":{"line":27,"column":4},"end":{"line":28,"column":null}},"9":{"start":{"line":28,"column":6},"end":{"line":28,"column":null}},"10":{"start":{"line":32,"column":8},"end":{"line":55,"column":8}},"11":{"start":{"line":33,"column":4},"end":{"line":33,"column":null}},"12":{"start":{"line":34,"column":4},"end":{"line":53,"column":null}},"13":{"start":{"line":35,"column":23},"end":{"line":37,"column":null}},"14":{"start":{"line":40,"column":6},"end":{"line":42,"column":null}},"15":{"start":{"line":41,"column":8},"end":{"line":41,"column":null}},"16":{"start":{"line":42,"column":8},"end":{"line":42,"column":null}},"17":{"start":{"line":45,"column":19},"end":{"line":45,"column":40}},"18":{"start":{"line":46,"column":6},"end":{"line":46,"column":null}},"19":{"start":{"line":48,"column":6},"end":{"line":50,"column":null}},"20":{"start":{"line":49,"column":8},"end":{"line":49,"column":null}},"21":{"start":{"line":50,"column":8},"end":{"line":50,"column":null}},"22":{"start":{"line":53,"column":6},"end":{"line":53,"column":null}},"23":{"start":{"line":57,"column":2},"end":{"line":69,"column":null}},"24":{"start":{"line":58,"column":23},"end":{"line":58,"column":44}},"25":{"start":{"line":60,"column":21},"end":{"line":61,"column":null}},"26":{"start":{"line":61,"column":6},"end":{"line":61,"column":null}},"27":{"start":{"line":64,"column":4},"end":{"line":64,"column":null}},"28":{"start":{"line":66,"column":4},"end":{"line":67,"column":null}},"29":{"start":{"line":67,"column":6},"end":{"line":67,"column":null}},"30":{"start":{"line":71,"column":8},"end":{"line":73,"column":null}},"31":{"start":{"line":72,"column":4},"end":{"line":72,"column":null}},"32":{"start":{"line":73,"column":4},"end":{"line":73,"column":null}},"33":{"start":{"line":76,"column":8},"end":{"line":77,"column":null}},"34":{"start":{"line":77,"column":4},"end":{"line":77,"column":null}},"35":{"start":{"line":80,"column":2},"end":{"line":152,"column":null}},"36":{"start":{"line":117,"column":28},"end":{"line":117,"column":null}},"37":{"start":{"line":127,"column":41},"end":{"line":127,"column":74}},"38":{"start":{"line":132,"column":47},"end":{"line":132,"column":80}}},"fnMap":{"0":{"name":"(anonymous_0)","decl":{"start":{"line":16,"column":6},"end":{"line":16,"column":18}},"loc":{"start":{"line":16,"column":18},"end":{"line":152,"column":null}},"line":16},"1":{"name":"(anonymous_1)","decl":{"start":{"line":26,"column":2},"end":{"line":26,"column":18}},"loc":{"start":{"line":26,"column":18},"end":{"line":30,"column":6}},"line":26},"2":{"name":"(anonymous_2)","decl":{"start":{"line":32,"column":32},"end":{"line":32,"column":39}},"loc":{"start":{"line":32,"column":92},"end":{"line":55,"column":7}},"line":32},"3":{"name":"(anonymous_3)","decl":{"start":{"line":57,"column":2},"end":{"line":57,"column":18}},"loc":{"start":{"line":57,"column":18},"end":{"line":69,"column":6}},"line":57},"4":{"name":"(anonymous_4)","decl":{"start":{"line":60,"column":21},"end":{"line":60,"column":33}},"loc":{"start":{"line":60,"column":33},"end":{"line":61,"column":null}},"line":60},"5":{"name":"(anonymous_5)","decl":{"start":{"line":66,"column":4},"end":{"line":66,"column":17}},"loc":{"start":{"line":66,"column":17},"end":{"line":67,"column":null}},"line":66},"6":{"name":"(anonymous_6)","decl":{"start":{"line":71,"column":8},"end":{"line":71,"column":24}},"loc":{"start":{"line":71,"column":41},"end":{"line":73,"column":null}},"line":71},"7":{"name":"(anonymous_7)","decl":{"start":{"line":76,"column":8},"end":{"line":76,"column":28}},"loc":{"start":{"line":76,"column":48},"end":{"line":77,"column":null}},"line":76},"8":{"name":"(anonymous_8)","decl":{"start":{"line":116,"column":34},"end":{"line":116,"column":39}},"loc":{"start":{"line":117,"column":28},"end":{"line":117,"column":null}},"line":117},"9":{"name":"(anonymous_9)","decl":{"start":{"line":127,"column":26},"end":{"line":127,"column":41}},"loc":{"start":{"line":127,"column":41},"end":{"line":127,"column":74}},"line":127},"10":{"name":"(anonymous_10)","decl":{"start":{"line":132,"column":32},"end":{"line":132,"column":47}},"loc":{"start":{"line":132,"column":47},"end":{"line":132,"column":80}},"line":132}},"branchMap":{"0":{"loc":{"start":{"line":23,"column":31},"end":{"line":23,"column":64}},"type":"binary-expr","locations":[{"start":{"line":23,"column":31},"end":{"line":23,"column":55}},{"start":{"line":23,"column":59},"end":{"line":23,"column":64}}],"line":23},"1":{"loc":{"start":{"line":24,"column":22},"end":{"line":24,"column":null}},"type":"binary-expr","locations":[{"start":{"line":24,"column":22},"end":{"line":24,"column":46}},{"start":{"line":24,"column":50},"end":{"line":24,"column":85}},{"start":{"line":24,"column":89},"end":{"line":24,"column":null}}],"line":24},"2":{"loc":{"start":{"line":27,"column":4},"end":{"line":28,"column":null}},"type":"if","locations":[{"start":{"line":27,"column":4},"end":{"line":28,"column":null}},{"start":{},"end":{}}],"line":27},"3":{"loc":{"start":{"line":40,"column":6},"end":{"line":42,"column":null}},"type":"if","locations":[{"start":{"line":40,"column":6},"end":{"line":42,"column":null}},{"start":{},"end":{}}],"line":40},"4":{"loc":{"start":{"line":46,"column":17},"end":{"line":46,"column":35}},"type":"binary-expr","locations":[{"start":{"line":46,"column":17},"end":{"line":46,"column":33}},{"start":{"line":46,"column":33},"end":{"line":46,"column":35}}],"line":46},"5":{"loc":{"start":{"line":48,"column":6},"end":{"line":50,"column":null}},"type":"if","locations":[{"start":{"line":48,"column":6},"end":{"line":50,"column":null}},{"start":{},"end":{}}],"line":48},"6":{"loc":{"start":{"line":92,"column":19},"end":{"line":92,"column":null}},"type":"cond-expr","locations":[{"start":{"line":92,"column":38},"end":{"line":92,"column":64}},{"start":{"line":92,"column":64},"end":{"line":92,"column":null}}],"line":92},"7":{"loc":{"start":{"line":94,"column":13},"end":{"line":94,"column":null}},"type":"cond-expr","locations":[{"start":{"line":94,"column":32},"end":{"line":94,"column":39}},{"start":{"line":94,"column":39},"end":{"line":94,"column":null}}],"line":94},"8":{"loc":{"start":{"line":110,"column":19},"end":{"line":134,"column":null}},"type":"cond-expr","locations":[{"start":{"line":111,"column":20},"end":{"line":113,"column":null}},{"start":{"line":113,"column":20},"end":{"line":134,"column":null}}],"line":110},"9":{"loc":{"start":{"line":115,"column":25},"end":{"line":120,"column":null}},"type":"cond-expr","locations":[{"start":{"line":116,"column":26},"end":{"line":117,"column":null}},{"start":{"line":120,"column":26},"end":{"line":120,"column":null}}],"line":115}},"s":{"0":1,"1":10,"2":10,"3":10,"4":10,"5":10,"6":10,"7":10,"8":5,"9":2,"10":10,"11":4,"12":4,"13":4,"14":3,"15":1,"16":1,"17":2,"18":2,"19":0,"20":0,"21":0,"22":3,"23":10,"24":4,"25":4,"26":4,"27":4,"28":4,"29":4,"30":10,"31":0,"32":0,"33":10,"34":0,"35":10,"36":1,"37":0,"38":0},"f":{"0":10,"1":5,"2":4,"3":4,"4":4,"5":4,"6":0,"7":0,"8":1,"9":0,"10":0},"b":{"0":[10,3],"1":[10,3,1],"2":[2,3],"3":[1,2],"4":[2,0],"5":[0,0],"6":[10,0],"7":[10,0],"8":[5,5],"9":[1,4]},"meta":{"lastBranch":10,"lastFunction":11,"lastStatement":39,"seen":{"s:16:6:152:Infinity":0,"f:16:6:16:18":0,"s:17:18:17:57":1,"s:18:20:18:51":2,"s:19:23:19:59":3,"s:21:17:21:43":4,"s:23:22:23:67":5,"b:23:31:23:55:23:59:23:64":0,"s:24:22:24:Infinity":6,"b:24:22:24:46:24:50:24:85:24:89:24:Infinity":1,"s:26:2:30:Infinity":7,"f:26:2:26:18":1,"b:27:4:28:Infinity:undefined:undefined:undefined:undefined":2,"s:27:4:28:Infinity":8,"s:28:6:28:Infinity":9,"s:32:8:55:8":10,"f:32:32:32:39":2,"s:33:4:33:Infinity":11,"s:34:4:53:Infinity":12,"s:35:23:37:Infinity":13,"b:40:6:42:Infinity:undefined:undefined:undefined:undefined":3,"s:40:6:42:Infinity":14,"s:41:8:41:Infinity":15,"s:42:8:42:Infinity":16,"s:45:19:45:40":17,"s:46:6:46:Infinity":18,"b:46:17:46:33:46:33:46:35":4,"b:48:6:50:Infinity:undefined:undefined:undefined:undefined":5,"s:48:6:50:Infinity":19,"s:49:8:49:Infinity":20,"s:50:8:50:Infinity":21,"s:53:6:53:Infinity":22,"s:57:2:69:Infinity":23,"f:57:2:57:18":3,"s:58:23:58:44":24,"s:60:21:61:Infinity":25,"f:60:21:60:33":4,"s:61:6:61:Infinity":26,"s:64:4:64:Infinity":27,"s:66:4:67:Infinity":28,"f:66:4:66:17":5,"s:67:6:67:Infinity":29,"s:71:8:73:Infinity":30,"f:71:8:71:24":6,"s:72:4:72:Infinity":31,"s:73:4:73:Infinity":32,"s:76:8:77:Infinity":33,"f:76:8:76:28":7,"s:77:4:77:Infinity":34,"s:80:2:152:Infinity":35,"b:92:38:92:64:92:64:92:Infinity":6,"b:94:32:94:39:94:39:94:Infinity":7,"b:111:20:113:Infinity:113:20:134:Infinity":8,"b:116:26:117:Infinity:120:26:120:Infinity":9,"f:116:34:116:39":8,"s:117:28:117:Infinity":36,"f:127:26:127:41":9,"s:127:41:127:74":37,"f:132:32:132:47":10,"s:132:47:132:80":38}}}
,"D:\\Проги\\прожки\\Из нета\\RSScool2026\\rsschool-cv\\src\\components\\About.tsx": {"path":"D:\\Проги\\прожки\\Из нета\\RSScool2026\\rsschool-cv\\src\\components\\About.tsx","statementMap":{"0":{"start":{"line":2,"column":6},"end":{"line":10,"column":null}},"1":{"start":{"line":3,"column":2},"end":{"line":10,"column":null}}},"fnMap":{"0":{"name":"(anonymous_0)","decl":{"start":{"line":2,"column":6},"end":{"line":2,"column":20}},"loc":{"start":{"line":2,"column":20},"end":{"line":10,"column":null}},"line":2}},"branchMap":{},"s":{"0":2,"1":1},"f":{"0":1},"b":{},"meta":{"lastBranch":0,"lastFunction":1,"lastStatement":2,"seen":{"s:2:6:10:Infinity":0,"f:2:6:2:20":0,"s:3:2:10:Infinity":1}}}
,"D:\\Проги\\прожки\\Из нета\\RSScool2026\\rsschool-cv\\src\\components\\Card.tsx": {"path":"D:\\Проги\\прожки\\Из нета\\RSScool2026\\rsschool-cv\\src\\components\\Card.tsx","statementMap":{"0":{"start":{"line":11,"column":6},"end":{"line":44,"column":null}},"1":{"start":{"line":12,"column":8},"end":{"line":12,"column":32}},"2":{"start":{"line":14,"column":30},"end":{"line":14,"column":69}},"3":{"start":{"line":16,"column":21},"end":{"line":16,"column":74}},"4":{"start":{"line":16,"column":52},"end":{"line":16,"column":74}},"5":{"start":{"line":18,"column":8},"end":{"line":20,"column":null}},"6":{"start":{"line":19,"column":4},"end":{"line":19,"column":null}},"7":{"start":{"line":20,"column":4},"end":{"line":20,"column":null}},"8":{"start":{"line":23,"column":8},"end":{"line":24,"column":null}},"9":{"start":{"line":24,"column":4},"end":{"line":24,"column":null}},"10":{"start":{"line":27,"column":2},"end":{"line":44,"column":null}}},"fnMap":{"0":{"name":"(anonymous_0)","decl":{"start":{"line":11,"column":6},"end":{"line":11,"column":35}},"loc":{"start":{"line":11,"column":53},"end":{"line":44,"column":null}},"line":11},"1":{"name":"(anonymous_1)","decl":{"start":{"line":16,"column":40},"end":{"line":16,"column":46}},"loc":{"start":{"line":16,"column":52},"end":{"line":16,"column":74}},"line":16},"2":{"name":"(anonymous_2)","decl":{"start":{"line":18,"column":8},"end":{"line":18,"column":31}},"loc":{"start":{"line":18,"column":55},"end":{"line":20,"column":null}},"line":18},"3":{"name":"(anonymous_3)","decl":{"start":{"line":23,"column":8},"end":{"line":23,"column":32}},"loc":{"start":{"line":23,"column":32},"end":{"line":24,"column":null}},"line":23}},"branchMap":{"0":{"loc":{"start":{"line":29,"column":25},"end":{"line":29,"column":null}},"type":"cond-expr","locations":[{"start":{"line":29,"column":38},"end":{"line":29,"column":51}},{"start":{"line":29,"column":51},"end":{"line":29,"column":null}}],"line":29}},"s":{"0":4,"1":9,"2":9,"3":9,"4":1,"5":9,"6":1,"7":1,"8":9,"9":0,"10":9},"f":{"0":9,"1":1,"2":1,"3":0},"b":{"0":[1,8]},"meta":{"lastBranch":1,"lastFunction":4,"lastStatement":11,"seen":{"s:11:6:44:Infinity":0,"f:11:6:11:35":0,"s:12:8:12:32":1,"s:14:30:14:69":2,"s:16:21:16:74":3,"f:16:40:16:46":1,"s:16:52:16:74":4,"s:18:8:20:Infinity":5,"f:18:8:18:31":2,"s:19:4:19:Infinity":6,"s:20:4:20:Infinity":7,"s:23:8:24:Infinity":8,"f:23:8:23:32":3,"s:24:4:24:Infinity":9,"s:27:2:44:Infinity":10,"b:29:38:29:51:29:51:29:Infinity":0}}}
,"D:\\Проги\\прожки\\Из нета\\RSScool2026\\rsschool-cv\\src\\components\\CardList.tsx": {"path":"D:\\Проги\\прожки\\Из нета\\RSScool2026\\rsschool-cv\\src\\components\\CardList.tsx","statementMap":{"0":{"start":{"line":12,"column":27},"end":{"line":12,"column":null}},"1":{"start":{"line":14,"column":4},"end":{"line":15,"column":null}},"2":{"start":{"line":15,"column":6},"end":{"line":15,"column":null}},"3":{"start":{"line":18,"column":4},"end":{"line":23,"column":null}},"4":{"start":{"line":21,"column":10},"end":{"line":21,"column":null}}},"fnMap":{"0":{"name":"(anonymous_0)","decl":{"start":{"line":11,"column":2},"end":{"line":11,"column":11}},"loc":{"start":{"line":11,"column":11},"end":{"line":23,"column":null}},"line":11},"1":{"name":"(anonymous_1)","decl":{"start":{"line":20,"column":20},"end":{"line":20,"column":25}},"loc":{"start":{"line":21,"column":10},"end":{"line":21,"column":null}},"line":21}},"branchMap":{"0":{"loc":{"start":{"line":14,"column":4},"end":{"line":15,"column":null}},"type":"if","locations":[{"start":{"line":14,"column":4},"end":{"line":15,"column":null}},{"start":{},"end":{}}],"line":14}},"s":{"0":2,"1":2,"2":1,"3":1,"4":2},"f":{"0":2,"1":2},"b":{"0":[1,1]},"meta":{"lastBranch":1,"lastFunction":2,"lastStatement":5,"seen":{"f:11:2:11:11":0,"s:12:27:12:Infinity":0,"b:14:4:15:Infinity:undefined:undefined:undefined:undefined":0,"s:14:4:15:Infinity":1,"s:15:6:15:Infinity":2,"s:18:4:23:Infinity":3,"f:20:20:20:25":1,"s:21:10:21:Infinity":4}}}
,"D:\\Проги\\прожки\\Из нета\\RSScool2026\\rsschool-cv\\src\\components\\CharacterDetails.tsx": {"path":"D:\\Проги\\прожки\\Из нета\\RSScool2026\\rsschool-cv\\src\\components\\CharacterDetails.tsx","statementMap":{"0":{"start":{"line":6,"column":6},"end":{"line":52,"column":null}},"1":{"start":{"line":7,"column":10},"end":{"line":7,"column":44}},"2":{"start":{"line":8,"column":8},"end":{"line":8,"column":32}},"3":{"start":{"line":9,"column":20},"end":{"line":9,"column":68}},"4":{"start":{"line":10,"column":20},"end":{"line":10,"column":51}},"5":{"start":{"line":12,"column":0},"end":{"line":31,"column":null}},"6":{"start":{"line":13,"column":31},"end":{"line":26,"column":null}},"7":{"start":{"line":14,"column":4},"end":{"line":14,"column":null}},"8":{"start":{"line":14,"column":13},"end":{"line":14,"column":null}},"9":{"start":{"line":15,"column":4},"end":{"line":15,"column":null}},"10":{"start":{"line":16,"column":4},"end":{"line":26,"column":null}},"11":{"start":{"line":17,"column":23},"end":{"line":17,"column":85}},"12":{"start":{"line":19,"column":6},"end":{"line":19,"column":null}},"13":{"start":{"line":19,"column":24},"end":{"line":19,"column":null}},"14":{"start":{"line":21,"column":19},"end":{"line":21,"column":40}},"15":{"start":{"line":22,"column":6},"end":{"line":22,"column":null}},"16":{"start":{"line":24,"column":6},"end":{"line":24,"column":null}},"17":{"start":{"line":26,"column":6},"end":{"line":26,"column":null}},"18":{"start":{"line":30,"column":2},"end":{"line":30,"column":null}},"19":{"start":{"line":33,"column":8},"end":{"line":34,"column":null}},"20":{"start":{"line":34,"column":4},"end":{"line":34,"column":null}},"21":{"start":{"line":37,"column":2},"end":{"line":37,"column":null}},"22":{"start":{"line":37,"column":17},"end":{"line":37,"column":null}},"23":{"start":{"line":38,"column":2},"end":{"line":38,"column":null}},"24":{"start":{"line":38,"column":18},"end":{"line":38,"column":null}},"25":{"start":{"line":40,"column":0},"end":{"line":52,"column":null}}},"fnMap":{"0":{"name":"(anonymous_0)","decl":{"start":{"line":6,"column":6},"end":{"line":6,"column":31}},"loc":{"start":{"line":6,"column":31},"end":{"line":52,"column":null}},"line":6},"1":{"name":"(anonymous_1)","decl":{"start":{"line":12,"column":0},"end":{"line":12,"column":16}},"loc":{"start":{"line":12,"column":16},"end":{"line":31,"column":4}},"line":12},"2":{"name":"(anonymous_2)","decl":{"start":{"line":13,"column":31},"end":{"line":13,"column":43}},"loc":{"start":{"line":13,"column":43},"end":{"line":26,"column":null}},"line":13},"3":{"name":"(anonymous_3)","decl":{"start":{"line":33,"column":8},"end":{"line":33,"column":28}},"loc":{"start":{"line":33,"column":28},"end":{"line":34,"column":null}},"line":33}},"branchMap":{"0":{"loc":{"start":{"line":14,"column":4},"end":{"line":14,"column":null}},"type":"if","locations":[{"start":{"line":14,"column":4},"end":{"line":14,"column":null}},{"start":{},"end":{}}],"line":14},"1":{"loc":{"start":{"line":19,"column":6},"end":{"line":19,"column":null}},"type":"if","locations":[{"start":{"line":19,"column":6},"end":{"line":19,"column":null}},{"start":{},"end":{}}],"line":19},"2":{"loc":{"start":{"line":37,"column":2},"end":{"line":37,"column":null}},"type":"if","locations":[{"start":{"line":37,"column":2},"end":{"line":37,"column":null}},{"start":{},"end":{}}],"line":37},"3":{"loc":{"start":{"line":38,"column":2},"end":{"line":38,"column":null}},"type":"if","locations":[{"start":{"line":38,"column":2},"end":{"line":38,"column":null}},{"start":{},"end":{}}],"line":38}},"s":{"0":2,"1":3,"2":3,"3":3,"4":3,"5":3,"6":1,"7":1,"8":0,"9":1,"10":1,"11":1,"12":1,"13":0,"14":1,"15":1,"16":0,"17":1,"18":1,"19":3,"20":1,"21":3,"22":1,"23":2,"24":2,"25":1},"f":{"0":3,"1":1,"2":1,"3":1},"b":{"0":[0,1],"1":[0,1],"2":[1,2],"3":[1,1]},"meta":{"lastBranch":4,"lastFunction":4,"lastStatement":26,"seen":{"s:6:6:52:Infinity":0,"f:6:6:6:31":0,"s:7:10:7:44":1,"s:8:8:8:32":2,"s:9:20:9:68":3,"s:10:20:10:51":4,"s:12:0:31:Infinity":5,"f:12:0:12:16":1,"s:13:31:26:Infinity":6,"f:13:31:13:43":2,"b:14:4:14:Infinity:undefined:undefined:undefined:undefined":0,"s:14:4:14:Infinity":7,"s:14:13:14:Infinity":8,"s:15:4:15:Infinity":9,"s:16:4:26:Infinity":10,"s:17:23:17:85":11,"b:19:6:19:Infinity:undefined:undefined:undefined:undefined":1,"s:19:6:19:Infinity":12,"s:19:24:19:Infinity":13,"s:21:19:21:40":14,"s:22:6:22:Infinity":15,"s:24:6:24:Infinity":16,"s:26:6:26:Infinity":17,"s:30:2:30:Infinity":18,"s:33:8:34:Infinity":19,"f:33:8:33:28":3,"s:34:4:34:Infinity":20,"b:37:2:37:Infinity:undefined:undefined:undefined:undefined":2,"s:37:2:37:Infinity":21,"s:37:17:37:Infinity":22,"b:38:2:38:Infinity:undefined:undefined:undefined:undefined":3,"s:38:2:38:Infinity":23,"s:38:18:38:Infinity":24,"s:40:0:52:Infinity":25}}}
,"D:\\Проги\\прожки\\Из нета\\RSScool2026\\rsschool-cv\\src\\components\\ErrorBoundary.tsx": {"path":"D:\\Проги\\прожки\\Из нета\\RSScool2026\\rsschool-cv\\src\\components\\ErrorBoundary.tsx","statementMap":{"0":{"start":{"line":14,"column":4},"end":{"line":14,"column":null}},"1":{"start":{"line":15,"column":4},"end":{"line":15,"column":null}},"2":{"start":{"line":20,"column":4},"end":{"line":20,"column":null}},"3":{"start":{"line":24,"column":4},"end":{"line":24,"column":null}},"4":{"start":{"line":28,"column":4},"end":{"line":37,"column":null}},"5":{"start":{"line":29,"column":6},"end":{"line":37,"column":null}},"6":{"start":{"line":34,"column":27},"end":{"line":34,"column":61}},"7":{"start":{"line":42,"column":4},"end":{"line":42,"column":null}}},"fnMap":{"0":{"name":"(anonymous_0)","decl":{"start":{"line":13,"column":2},"end":{"line":13,"column":14}},"loc":{"start":{"line":13,"column":28},"end":{"line":15,"column":null}},"line":13},"1":{"name":"(anonymous_1)","decl":{"start":{"line":19,"column":9},"end":{"line":19,"column":43}},"loc":{"start":{"line":19,"column":43},"end":{"line":20,"column":null}},"line":19},"2":{"name":"(anonymous_2)","decl":{"start":{"line":23,"column":2},"end":{"line":23,"column":20}},"loc":{"start":{"line":23,"column":56},"end":{"line":24,"column":null}},"line":23},"3":{"name":"(anonymous_3)","decl":{"start":{"line":27,"column":2},"end":{"line":27,"column":11}},"loc":{"start":{"line":27,"column":11},"end":{"line":42,"column":null}},"line":27},"4":{"name":"(anonymous_4)","decl":{"start":{"line":34,"column":12},"end":{"line":34,"column":27}},"loc":{"start":{"line":34,"column":27},"end":{"line":34,"column":61}},"line":34}},"branchMap":{"0":{"loc":{"start":{"line":28,"column":4},"end":{"line":37,"column":null}},"type":"if","locations":[{"start":{"line":28,"column":4},"end":{"line":37,"column":null}},{"start":{},"end":{}}],"line":28}},"s":{"0":9,"1":9,"2":4,"3":2,"4":20,"5":5,"6":1,"7":15},"f":{"0":9,"1":2,"2":2,"3":20,"4":1},"b":{"0":[5,15]},"meta":{"lastBranch":1,"lastFunction":5,"lastStatement":8,"seen":{"f:13:2:13:14":0,"s:14:4:14:Infinity":0,"s:15:4:15:Infinity":1,"f:19:9:19:43":1,"s:20:4:20:Infinity":2,"f:23:2:23:20":2,"s:24:4:24:Infinity":3,"f:27:2:27:11":3,"b:28:4:37:Infinity:undefined:undefined:undefined:undefined":0,"s:28:4:37:Infinity":4,"s:29:6:37:Infinity":5,"f:34:12:34:27":4,"s:34:27:34:61":6,"s:42:4:42:Infinity":7}}}
,"D:\\Проги\\прожки\\Из нета\\RSScool2026\\rsschool-cv\\src\\components\\ErrorButton.tsx": {"path":"D:\\Проги\\прожки\\Из нета\\RSScool2026\\rsschool-cv\\src\\components\\ErrorButton.tsx","statementMap":{"0":{"start":{"line":14,"column":2},"end":{"line":15,"column":null}},"1":{"start":{"line":10,"column":4},"end":{"line":10,"column":null}},"2":{"start":{"line":11,"column":4},"end":{"line":11,"column":null}},"3":{"start":{"line":15,"column":4},"end":{"line":15,"column":null}},"4":{"start":{"line":19,"column":4},"end":{"line":20,"column":null}},"5":{"start":{"line":20,"column":6},"end":{"line":20,"column":null}},"6":{"start":{"line":23,"column":4},"end":{"line":31,"column":null}}},"fnMap":{"0":{"name":"(anonymous_0)","decl":{"start":{"line":9,"column":2},"end":{"line":9,"column":14}},"loc":{"start":{"line":9,"column":44},"end":{"line":11,"column":null}},"line":9},"1":{"name":"(anonymous_1)","decl":{"start":{"line":14,"column":2},"end":{"line":14,"column":22}},"loc":{"start":{"line":14,"column":22},"end":{"line":15,"column":null}},"line":14},"2":{"name":"(anonymous_2)","decl":{"start":{"line":18,"column":2},"end":{"line":18,"column":11}},"loc":{"start":{"line":18,"column":11},"end":{"line":31,"column":null}},"line":18}},"branchMap":{"0":{"loc":{"start":{"line":19,"column":4},"end":{"line":20,"column":null}},"type":"if","locations":[{"start":{"line":19,"column":4},"end":{"line":20,"column":null}},{"start":{},"end":{}}],"line":19}},"s":{"0":1,"1":5,"2":5,"3":1,"4":12,"5":2,"6":10},"f":{"0":5,"1":1,"2":12},"b":{"0":[2,10]},"meta":{"lastBranch":1,"lastFunction":3,"lastStatement":7,"seen":{"s:14:2:15:Infinity":0,"f:9:2:9:14":0,"s:10:4:10:Infinity":1,"s:11:4:11:Infinity":2,"f:14:2:14:22":1,"s:15:4:15:Infinity":3,"f:18:2:18:11":2,"b:19:4:20:Infinity:undefined:undefined:undefined:undefined":0,"s:19:4:20:Infinity":4,"s:20:6:20:Infinity":5,"s:23:4:31:Infinity":6}}}
,"D:\\Проги\\прожки\\Из нета\\RSScool2026\\rsschool-cv\\src\\components\\Flyout.tsx": {"path":"D:\\Проги\\прожки\\Из нета\\RSScool2026\\rsschool-cv\\src\\components\\Flyout.tsx","statementMap":{"0":{"start":{"line":5,"column":6},"end":{"line":63,"column":null}},"1":{"start":{"line":6,"column":30},"end":{"line":6,"column":68}},"2":{"start":{"line":7,"column":16},"end":{"line":7,"column":null}},"3":{"start":{"line":9,"column":2},"end":{"line":9,"column":null}},"4":{"start":{"line":9,"column":19},"end":{"line":9,"column":null}},"5":{"start":{"line":11,"column":8},"end":{"line":41,"column":null}},"6":{"start":{"line":12,"column":4},"end":{"line":12,"column":null}},"7":{"start":{"line":12,"column":21},"end":{"line":12,"column":null}},"8":{"start":{"line":14,"column":20},"end":{"line":14,"column":null}},"9":{"start":{"line":15,"column":17},"end":{"line":22,"column":6}},"10":{"start":{"line":15,"column":50},"end":{"line":22,"column":6}},"11":{"start":{"line":24,"column":23},"end":{"line":26,"column":17}},"12":{"start":{"line":25,"column":18},"end":{"line":25,"column":29}},"13":{"start":{"line":28,"column":17},"end":{"line":28,"column":76}},"14":{"start":{"line":30,"column":16},"end":{"line":30,"column":41}},"15":{"start":{"line":32,"column":17},"end":{"line":32,"column":44}},"16":{"start":{"line":33,"column":4},"end":{"line":33,"column":null}},"17":{"start":{"line":35,"column":4},"end":{"line":35,"column":null}},"18":{"start":{"line":37,"column":4},"end":{"line":37,"column":null}},"19":{"start":{"line":38,"column":4},"end":{"line":38,"column":null}},"20":{"start":{"line":40,"column":4},"end":{"line":40,"column":null}},"21":{"start":{"line":41,"column":4},"end":{"line":41,"column":null}},"22":{"start":{"line":44,"column":2},"end":{"line":63,"column":null}}},"fnMap":{"0":{"name":"(anonymous_0)","decl":{"start":{"line":5,"column":6},"end":{"line":5,"column":31}},"loc":{"start":{"line":5,"column":31},"end":{"line":63,"column":null}},"line":5},"1":{"name":"(anonymous_1)","decl":{"start":{"line":11,"column":8},"end":{"line":11,"column":34}},"loc":{"start":{"line":11,"column":34},"end":{"line":41,"column":null}},"line":11},"2":{"name":"(anonymous_2)","decl":{"start":{"line":15,"column":36},"end":{"line":15,"column":41}},"loc":{"start":{"line":15,"column":50},"end":{"line":22,"column":6}},"line":15},"3":{"name":"(anonymous_3)","decl":{"start":{"line":25,"column":7},"end":{"line":25,"column":12}},"loc":{"start":{"line":25,"column":18},"end":{"line":25,"column":29}},"line":25}},"branchMap":{"0":{"loc":{"start":{"line":9,"column":2},"end":{"line":9,"column":null}},"type":"if","locations":[{"start":{"line":9,"column":2},"end":{"line":9,"column":null}},{"start":{},"end":{}}],"line":9},"1":{"loc":{"start":{"line":12,"column":4},"end":{"line":12,"column":null}},"type":"if","locations":[{"start":{"line":12,"column":4},"end":{"line":12,"column":null}},{"start":{},"end":{}}],"line":12}},"s":{"0":2,"1":13,"2":13,"3":13,"4":11,"5":2,"6":1,"7":0,"8":1,"9":1,"10":1,"11":1,"12":2,"13":1,"14":1,"15":1,"16":1,"17":1,"18":1,"19":1,"20":1,"21":1,"22":2},"f":{"0":13,"1":1,"2":1,"3":2},"b":{"0":[11,2],"1":[0,1]},"meta":{"lastBranch":2,"lastFunction":4,"lastStatement":23,"seen":{"s:5:6:63:Infinity":0,"f:5:6:5:31":0,"s:6:30:6:68":1,"s:7:16:7:Infinity":2,"b:9:2:9:Infinity:undefined:undefined:undefined:undefined":0,"s:9:2:9:Infinity":3,"s:9:19:9:Infinity":4,"s:11:8:41:Infinity":5,"f:11:8:11:34":1,"b:12:4:12:Infinity:undefined:undefined:undefined:undefined":1,"s:12:4:12:Infinity":6,"s:12:21:12:Infinity":7,"s:14:20:14:Infinity":8,"s:15:17:22:6":9,"f:15:36:15:41":2,"s:15:50:22:6":10,"s:24:23:26:17":11,"f:25:7:25:12":3,"s:25:18:25:29":12,"s:28:17:28:76":13,"s:30:16:30:41":14,"s:32:17:32:44":15,"s:33:4:33:Infinity":16,"s:35:4:35:Infinity":17,"s:37:4:37:Infinity":18,"s:38:4:38:Infinity":19,"s:40:4:40:Infinity":20,"s:41:4:41:Infinity":21,"s:44:2:63:Infinity":22}}}
,"D:\\Проги\\прожки\\Из нета\\RSScool2026\\rsschool-cv\\src\\components\\NotFound.tsx": {"path":"D:\\Проги\\прожки\\Из нета\\RSScool2026\\rsschool-cv\\src\\components\\NotFound.tsx","statementMap":{"0":{"start":{"line":4,"column":6},"end":{"line":13,"column":null}},"1":{"start":{"line":5,"column":8},"end":{"line":5,"column":32}},"2":{"start":{"line":7,"column":2},"end":{"line":13,"column":null}},"3":{"start":{"line":11,"column":49},"end":{"line":11,"column":62}}},"fnMap":{"0":{"name":"(anonymous_0)","decl":{"start":{"line":4,"column":6},"end":{"line":4,"column":23}},"loc":{"start":{"line":4,"column":23},"end":{"line":13,"column":null}},"line":4},"1":{"name":"(anonymous_1)","decl":{"start":{"line":11,"column":34},"end":{"line":11,"column":49}},"loc":{"start":{"line":11,"column":49},"end":{"line":11,"column":62}},"line":11}},"branchMap":{},"s":{"0":2,"1":2,"2":2,"3":1},"f":{"0":2,"1":1},"b":{},"meta":{"lastBranch":0,"lastFunction":2,"lastStatement":4,"seen":{"s:4:6:13:Infinity":0,"f:4:6:4:23":0,"s:5:8:5:32":1,"s:7:2:13:Infinity":2,"f:11:34:11:49":1,"s:11:49:11:62":3}}}
,"D:\\Проги\\прожки\\Из нета\\RSScool2026\\rsschool-cv\\src\\components\\SearchBar.tsx": {"path":"D:\\Проги\\прожки\\Из нета\\RSScool2026\\rsschool-cv\\src\\components\\SearchBar.tsx","statementMap":{"0":{"start":{"line":9,"column":6},"end":{"line":37,"column":null}},"1":{"start":{"line":10,"column":21},"end":{"line":10,"column":72}},"2":{"start":{"line":12,"column":8},"end":{"line":13,"column":null}},"3":{"start":{"line":13,"column":4},"end":{"line":13,"column":null}},"4":{"start":{"line":16,"column":8},"end":{"line":18,"column":null}},"5":{"start":{"line":17,"column":17},"end":{"line":17,"column":34}},"6":{"start":{"line":18,"column":4},"end":{"line":18,"column":null}},"7":{"start":{"line":21,"column":2},"end":{"line":37,"column":null}}},"fnMap":{"0":{"name":"(anonymous_0)","decl":{"start":{"line":9,"column":6},"end":{"line":9,"column":42}},"loc":{"start":{"line":9,"column":59},"end":{"line":37,"column":null}},"line":9},"1":{"name":"(anonymous_1)","decl":{"start":{"line":12,"column":8},"end":{"line":12,"column":29}},"loc":{"start":{"line":12,"column":76},"end":{"line":13,"column":null}},"line":12},"2":{"name":"(anonymous_2)","decl":{"start":{"line":16,"column":8},"end":{"line":16,"column":34}},"loc":{"start":{"line":16,"column":34},"end":{"line":18,"column":null}},"line":16}},"branchMap":{},"s":{"0":2,"1":12,"2":12,"3":1,"4":12,"5":1,"6":1,"7":12},"f":{"0":12,"1":1,"2":1},"b":{},"meta":{"lastBranch":0,"lastFunction":3,"lastStatement":8,"seen":{"s:9:6:37:Infinity":0,"f:9:6:9:42":0,"s:10:21:10:72":1,"s:12:8:13:Infinity":2,"f:12:8:12:29":1,"s:13:4:13:Infinity":3,"s:16:8:18:Infinity":4,"f:16:8:16:34":2,"s:17:17:17:34":5,"s:18:4:18:Infinity":6,"s:21:2:37:Infinity":7}}}
,"D:\\Проги\\прожки\\Из нета\\RSScool2026\\rsschool-cv\\src\\context\\ThemeContext.tsx": {"path":"D:\\Проги\\прожки\\Из нета\\RSScool2026\\rsschool-cv\\src\\context\\ThemeContext.tsx","statementMap":{"0":{"start":{"line":5,"column":13},"end":{"line":25,"column":null}},"1":{"start":{"line":6,"column":16},"end":{"line":9,"column":null}},"2":{"start":{"line":7,"column":18},"end":{"line":7,"column":51}},"3":{"start":{"line":8,"column":4},"end":{"line":8,"column":null}},"4":{"start":{"line":11,"column":8},"end":{"line":12,"column":null}},"5":{"start":{"line":12,"column":4},"end":{"line":12,"column":null}},"6":{"start":{"line":12,"column":24},"end":{"line":12,"column":61}},"7":{"start":{"line":15,"column":2},"end":{"line":20,"column":null}},"8":{"start":{"line":16,"column":17},"end":{"line":16,"column":null}},"9":{"start":{"line":17,"column":4},"end":{"line":17,"column":null}},"10":{"start":{"line":18,"column":4},"end":{"line":18,"column":null}},"11":{"start":{"line":19,"column":4},"end":{"line":19,"column":null}},"12":{"start":{"line":22,"column":2},"end":{"line":25,"column":null}}},"fnMap":{"0":{"name":"(anonymous_0)","decl":{"start":{"line":5,"column":13},"end":{"line":5,"column":71}},"loc":{"start":{"line":5,"column":88},"end":{"line":25,"column":null}},"line":5},"1":{"name":"(anonymous_1)","decl":{"start":{"line":6,"column":28},"end":{"line":6,"column":50}},"loc":{"start":{"line":6,"column":50},"end":{"line":9,"column":null}},"line":6},"2":{"name":"(anonymous_2)","decl":{"start":{"line":11,"column":8},"end":{"line":11,"column":28}},"loc":{"start":{"line":11,"column":28},"end":{"line":12,"column":null}},"line":11},"3":{"name":"(anonymous_3)","decl":{"start":{"line":12,"column":4},"end":{"line":12,"column":14}},"loc":{"start":{"line":12,"column":24},"end":{"line":12,"column":61}},"line":12},"4":{"name":"(anonymous_4)","decl":{"start":{"line":15,"column":2},"end":{"line":15,"column":18}},"loc":{"start":{"line":15,"column":18},"end":{"line":20,"column":6}},"line":15}},"branchMap":{"0":{"loc":{"start":{"line":8,"column":12},"end":{"line":8,"column":null}},"type":"binary-expr","locations":[{"start":{"line":8,"column":12},"end":{"line":8,"column":31}},{"start":{"line":8,"column":31},"end":{"line":8,"column":null}}],"line":8},"1":{"loc":{"start":{"line":12,"column":24},"end":{"line":12,"column":61}},"type":"cond-expr","locations":[{"start":{"line":12,"column":43},"end":{"line":12,"column":52}},{"start":{"line":12,"column":52},"end":{"line":12,"column":61}}],"line":12}},"s":{"0":4,"1":10,"2":10,"3":10,"4":10,"5":0,"6":0,"7":10,"8":10,"9":10,"10":10,"11":10,"12":10},"f":{"0":10,"1":10,"2":0,"3":0,"4":10},"b":{"0":[10,7],"1":[0,0]},"meta":{"lastBranch":2,"lastFunction":5,"lastStatement":13,"seen":{"s:5:13:25:Infinity":0,"f:5:13:5:71":0,"s:6:16:9:Infinity":1,"f:6:28:6:50":1,"s:7:18:7:51":2,"s:8:4:8:Infinity":3,"b:8:12:8:31:8:31:8:Infinity":0,"s:11:8:12:Infinity":4,"f:11:8:11:28":2,"s:12:4:12:Infinity":5,"f:12:4:12:14":3,"s:12:24:12:61":6,"b:12:43:12:52:12:52:12:61":1,"s:15:2:20:Infinity":7,"f:15:2:15:18":4,"s:16:17:16:Infinity":8,"s:17:4:17:Infinity":9,"s:18:4:18:Infinity":10,"s:19:4:19:Infinity":11,"s:22:2:25:Infinity":12}}}
,"D:\\Проги\\прожки\\Из нета\\RSScool2026\\rsschool-cv\\src\\context\\ThemeContextObject.ts": {"path":"D:\\Проги\\прожки\\Из нета\\RSScool2026\\rsschool-cv\\src\\context\\ThemeContextObject.ts","statementMap":{"0":{"start":{"line":12,"column":13},"end":{"line":12,"column":82}}},"fnMap":{},"branchMap":{},"s":{"0":4},"f":{},"b":{},"meta":{"lastBranch":0,"lastFunction":0,"lastStatement":1,"seen":{"s:12:13:12:82":0}}}
,"D:\\Проги\\прожки\\Из нета\\RSScool2026\\rsschool-cv\\src\\hooks\\useLocalStorage.ts": {"path":"D:\\Проги\\прожки\\Из нета\\RSScool2026\\rsschool-cv\\src\\hooks\\useLocalStorage.ts","statementMap":{"0":{"start":{"line":10,"column":21},"end":{"line":24,"column":null}},"1":{"start":{"line":11,"column":2},"end":{"line":22,"column":null}},"2":{"start":{"line":12,"column":17},"end":{"line":12,"column":49}},"3":{"start":{"line":13,"column":4},"end":{"line":13,"column":null}},"4":{"start":{"line":13,"column":15},"end":{"line":13,"column":null}},"5":{"start":{"line":15,"column":4},"end":{"line":18,"column":null}},"6":{"start":{"line":16,"column":6},"end":{"line":16,"column":null}},"7":{"start":{"line":18,"column":6},"end":{"line":18,"column":null}},"8":{"start":{"line":21,"column":4},"end":{"line":21,"column":null}},"9":{"start":{"line":22,"column":4},"end":{"line":22,"column":null}},"10":{"start":{"line":26,"column":2},"end":{"line":32,"column":null}},"11":{"start":{"line":27,"column":4},"end":{"line":30,"column":null}},"12":{"start":{"line":28,"column":6},"end":{"line":28,"column":null}},"13":{"start":{"line":30,"column":6},"end":{"line":30,"column":null}},"14":{"start":{"line":34,"column":2},"end":{"line":34,"column":null}}},"fnMap":{"0":{"name":"useLocalStorage","decl":{"start":{"line":9,"column":16},"end":{"line":9,"column":35}},"loc":{"start":{"line":9,"column":65},"end":{"line":34,"column":null}},"line":9},"1":{"name":"(anonymous_1)","decl":{"start":{"line":10,"column":39},"end":{"line":10,"column":57}},"loc":{"start":{"line":10,"column":57},"end":{"line":24,"column":null}},"line":10},"2":{"name":"(anonymous_2)","decl":{"start":{"line":26,"column":2},"end":{"line":26,"column":18}},"loc":{"start":{"line":26,"column":18},"end":{"line":32,"column":6}},"line":26}},"branchMap":{"0":{"loc":{"start":{"line":13,"column":4},"end":{"line":13,"column":null}},"type":"if","locations":[{"start":{"line":13,"column":4},"end":{"line":13,"column":null}},{"start":{},"end":{}}],"line":13}},"s":{"0":12,"1":5,"2":5,"3":5,"4":4,"5":1,"6":1,"7":0,"8":0,"9":0,"10":12,"11":6,"12":6,"13":0,"14":12},"f":{"0":12,"1":5,"2":6},"b":{"0":[4,1]},"meta":{"lastBranch":1,"lastFunction":3,"lastStatement":15,"seen":{"f:9:16:9:35":0,"s:10:21:24:Infinity":0,"f:10:39:10:57":1,"s:11:2:22:Infinity":1,"s:12:17:12:49":2,"b:13:4:13:Infinity:undefined:undefined:undefined:undefined":0,"s:13:4:13:Infinity":3,"s:13:15:13:Infinity":4,"s:15:4:18:Infinity":5,"s:16:6:16:Infinity":6,"s:18:6:18:Infinity":7,"s:21:4:21:Infinity":8,"s:22:4:22:Infinity":9,"s:26:2:32:Infinity":10,"f:26:2:26:18":2,"s:27:4:30:Infinity":11,"s:28:6:28:Infinity":12,"s:30:6:30:Infinity":13,"s:34:2:34:Infinity":14}}}
,"D:\\Проги\\прожки\\Из нета\\RSScool2026\\rsschool-cv\\src\\hooks\\useTheme.ts": {"path":"D:\\Проги\\прожки\\Из нета\\RSScool2026\\rsschool-cv\\src\\hooks\\useTheme.ts","statementMap":{"0":{"start":{"line":5,"column":13},"end":{"line":10,"column":null}},"1":{"start":{"line":6,"column":8},"end":{"line":6,"column":42}},"2":{"start":{"line":7,"column":2},"end":{"line":8,"column":null}},"3":{"start":{"line":8,"column":4},"end":{"line":8,"column":null}},"4":{"start":{"line":10,"column":2},"end":{"line":10,"column":null}}},"fnMap":{"0":{"name":"(anonymous_0)","decl":{"start":{"line":5,"column":13},"end":{"line":5,"column":30}},"loc":{"start":{"line":5,"column":30},"end":{"line":10,"column":null}},"line":5}},"branchMap":{"0":{"loc":{"start":{"line":7,"column":2},"end":{"line":8,"column":null}},"type":"if","locations":[{"start":{"line":7,"column":2},"end":{"line":8,"column":null}},{"start":{},"end":{}}],"line":7}},"s":{"0":1,"1":10,"2":10,"3":0,"4":10},"f":{"0":10},"b":{"0":[0,10]},"meta":{"lastBranch":1,"lastFunction":1,"lastStatement":5,"seen":{"s:5:13:10:Infinity":0,"f:5:13:5:30":0,"s:6:8:6:42":1,"b:7:2:8:Infinity:undefined:undefined:undefined:undefined":0,"s:7:2:8:Infinity":2,"s:8:4:8:Infinity":3,"s:10:2:10:Infinity":4}}}
,"D:\\Проги\\прожки\\Из нета\\RSScool2026\\rsschool-cv\\src\\store\\useCharacterStore.ts": {"path":"D:\\Проги\\прожки\\Из нета\\RSScool2026\\rsschool-cv\\src\\store\\useCharacterStore.ts","statementMap":{"0":{"start":{"line":13,"column":13},"end":{"line":31,"column":3}},"1":{"start":{"line":13,"column":66},"end":{"line":31,"column":3}},"2":{"start":{"line":16,"column":29},"end":{"line":28,"column":null}},"3":{"start":{"line":17,"column":30},"end":{"line":17,"column":90}},"4":{"start":{"line":17,"column":70},"end":{"line":17,"column":90}},"5":{"start":{"line":19,"column":4},"end":{"line":26,"column":null}},"6":{"start":{"line":20,"column":6},"end":{"line":22,"column":null}},"7":{"start":{"line":21,"column":70},"end":{"line":21,"column":90}},"8":{"start":{"line":24,"column":6},"end":{"line":26,"column":null}},"9":{"start":{"line":30,"column":24},"end":{"line":30,"column":null}}},"fnMap":{"0":{"name":"(anonymous_0)","decl":{"start":{"line":13,"column":33},"end":{"line":13,"column":57}},"loc":{"start":{"line":13,"column":66},"end":{"line":31,"column":3}},"line":13},"1":{"name":"(anonymous_1)","decl":{"start":{"line":16,"column":2},"end":{"line":16,"column":20}},"loc":{"start":{"line":16,"column":29},"end":{"line":28,"column":null}},"line":16},"2":{"name":"(anonymous_2)","decl":{"start":{"line":16,"column":29},"end":{"line":16,"column":34}},"loc":{"start":{"line":16,"column":44},"end":{"line":28,"column":null}},"line":16},"3":{"name":"(anonymous_3)","decl":{"start":{"line":17,"column":55},"end":{"line":17,"column":61}},"loc":{"start":{"line":17,"column":70},"end":{"line":17,"column":90}},"line":17},"4":{"name":"(anonymous_4)","decl":{"start":{"line":21,"column":53},"end":{"line":21,"column":61}},"loc":{"start":{"line":21,"column":70},"end":{"line":21,"column":90}},"line":21},"5":{"name":"(anonymous_5)","decl":{"start":{"line":30,"column":2},"end":{"line":30,"column":24}},"loc":{"start":{"line":30,"column":24},"end":{"line":30,"column":null}},"line":30}},"branchMap":{"0":{"loc":{"start":{"line":19,"column":4},"end":{"line":26,"column":null}},"type":"if","locations":[{"start":{"line":19,"column":4},"end":{"line":26,"column":null}},{"start":{"line":23,"column":11},"end":{"line":26,"column":null}}],"line":19}},"s":{"0":4,"1":4,"2":1,"3":1,"4":0,"5":1,"6":0,"7":0,"8":1,"9":1},"f":{"0":4,"1":1,"2":1,"3":0,"4":0,"5":1},"b":{"0":[0,1]},"meta":{"lastBranch":1,"lastFunction":6,"lastStatement":10,"seen":{"s:13:13:31:3":0,"f:13:33:13:57":0,"s:13:66:31:3":1,"f:16:2:16:20":1,"s:16:29:28:Infinity":2,"f:16:29:16:34":2,"s:17:30:17:90":3,"f:17:55:17:61":3,"s:17:70:17:90":4,"b:19:4:26:Infinity:23:11:26:Infinity":0,"s:19:4:26:Infinity":5,"s:20:6:22:Infinity":6,"f:21:53:21:61":4,"s:21:70:21:90":7,"s:24:6:26:Infinity":8,"f:30:2:30:24":5,"s:30:24:30:Infinity":9}}}
}
