{"D:\\Проги\\прожки\\Из нета\\RSScool2026\\rsschool-cv\\src\\App.tsx": {"path":"D:\\Проги\\прожки\\Из нета\\RSScool2026\\rsschool-cv\\src\\App.tsx","statementMap":{"0":{"start":{"line":17,"column":6},"end":{"line":174,"column":null}},"1":{"start":{"line":18,"column":23},"end":{"line":18,"column":59}},"2":{"start":{"line":19,"column":17},"end":{"line":19,"column":43}},"3":{"start":{"line":20,"column":8},"end":{"line":20,"column":38}},"4":{"start":{"line":22,"column":22},"end":{"line":22,"column":67}},"5":{"start":{"line":23,"column":22},"end":{"line":23,"column":null}},"6":{"start":{"line":25,"column":2},"end":{"line":29,"column":null}},"7":{"start":{"line":26,"column":4},"end":{"line":27,"column":null}},"8":{"start":{"line":27,"column":6},"end":{"line":27,"column":null}},"9":{"start":{"line":36,"column":48},"end":{"line":36,"column":102}},"10":{"start":{"line":39,"column":30},"end":{"line":40,"column":null}},"11":{"start":{"line":40,"column":4},"end":{"line":40,"column":null}},"12":{"start":{"line":43,"column":8},"end":{"line":45,"column":null}},"13":{"start":{"line":44,"column":4},"end":{"line":44,"column":null}},"14":{"start":{"line":45,"column":4},"end":{"line":45,"column":null}},"15":{"start":{"line":48,"column":8},"end":{"line":49,"column":null}},"16":{"start":{"line":49,"column":4},"end":{"line":49,"column":null}},"17":{"start":{"line":55,"column":8},"end":{"line":57,"column":null}},"18":{"start":{"line":56,"column":4},"end":{"line":56,"column":null}},"19":{"start":{"line":56,"column":30},"end":{"line":56,"column":null}},"20":{"start":{"line":57,"column":4},"end":{"line":57,"column":null}},"21":{"start":{"line":60,"column":2},"end":{"line":174,"column":null}},"22":{"start":{"line":132,"column":28},"end":{"line":132,"column":null}},"23":{"start":{"line":142,"column":41},"end":{"line":142,"column":74}},"24":{"start":{"line":150,"column":41},"end":{"line":150,"column":74}}},"fnMap":{"0":{"name":"(anonymous_0)","decl":{"start":{"line":17,"column":6},"end":{"line":17,"column":18}},"loc":{"start":{"line":17,"column":18},"end":{"line":174,"column":null}},"line":17},"1":{"name":"(anonymous_1)","decl":{"start":{"line":25,"column":2},"end":{"line":25,"column":18}},"loc":{"start":{"line":25,"column":18},"end":{"line":29,"column":6}},"line":25},"2":{"name":"(anonymous_2)","decl":{"start":{"line":39,"column":30},"end":{"line":39,"column":42}},"loc":{"start":{"line":39,"column":42},"end":{"line":40,"column":null}},"line":39},"3":{"name":"(anonymous_3)","decl":{"start":{"line":43,"column":8},"end":{"line":43,"column":24}},"loc":{"start":{"line":43,"column":41},"end":{"line":45,"column":null}},"line":43},"4":{"name":"(anonymous_4)","decl":{"start":{"line":48,"column":8},"end":{"line":48,"column":28}},"loc":{"start":{"line":48,"column":48},"end":{"line":49,"column":null}},"line":48},"5":{"name":"(anonymous_5)","decl":{"start":{"line":55,"column":8},"end":{"line":55,"column":27}},"loc":{"start":{"line":55,"column":52},"end":{"line":57,"column":null}},"line":55},"6":{"name":"(anonymous_6)","decl":{"start":{"line":131,"column":39},"end":{"line":131,"column":44}},"loc":{"start":{"line":132,"column":28},"end":{"line":132,"column":null}},"line":132},"7":{"name":"(anonymous_7)","decl":{"start":{"line":142,"column":26},"end":{"line":142,"column":41}},"loc":{"start":{"line":142,"column":41},"end":{"line":142,"column":74}},"line":142},"8":{"name":"(anonymous_8)","decl":{"start":{"line":150,"column":26},"end":{"line":150,"column":41}},"loc":{"start":{"line":150,"column":41},"end":{"line":150,"column":74}},"line":150}},"branchMap":{"0":{"loc":{"start":{"line":22,"column":31},"end":{"line":22,"column":64}},"type":"binary-expr","locations":[{"start":{"line":22,"column":31},"end":{"line":22,"column":55}},{"start":{"line":22,"column":59},"end":{"line":22,"column":64}}],"line":22},"1":{"loc":{"start":{"line":23,"column":22},"end":{"line":23,"column":null}},"type":"binary-expr","locations":[{"start":{"line":23,"column":22},"end":{"line":23,"column":46}},{"start":{"line":23,"column":50},"end":{"line":23,"column":85}},{"start":{"line":23,"column":89},"end":{"line":23,"column":null}}],"line":23},"2":{"loc":{"start":{"line":26,"column":4},"end":{"line":27,"column":null}},"type":"if","locations":[{"start":{"line":26,"column":4},"end":{"line":27,"column":null}},{"start":{},"end":{}}],"line":26},"3":{"loc":{"start":{"line":56,"column":4},"end":{"line":56,"column":null}},"type":"if","locations":[{"start":{"line":56,"column":4},"end":{"line":56,"column":null}},{"start":{},"end":{}}],"line":56},"4":{"loc":{"start":{"line":72,"column":19},"end":{"line":72,"column":null}},"type":"cond-expr","locations":[{"start":{"line":72,"column":38},"end":{"line":72,"column":64}},{"start":{"line":72,"column":64},"end":{"line":72,"column":null}}],"line":72},"5":{"loc":{"start":{"line":74,"column":13},"end":{"line":74,"column":null}},"type":"cond-expr","locations":[{"start":{"line":74,"column":32},"end":{"line":74,"column":39}},{"start":{"line":74,"column":39},"end":{"line":74,"column":null}}],"line":74},"6":{"loc":{"start":{"line":101,"column":15},"end":{"line":104,"column":null}},"type":"binary-expr","locations":[{"start":{"line":101,"column":15},"end":{"line":101,"column":29}},{"start":{"line":101,"column":29},"end":{"line":101,"column":null}},{"start":{"line":102,"column":16},"end":{"line":104,"column":null}}],"line":101},"7":{"loc":{"start":{"line":111,"column":19},"end":{"line":114,"column":null}},"type":"binary-expr","locations":[{"start":{"line":111,"column":19},"end":{"line":111,"column":null}},{"start":{"line":112,"column":20},"end":{"line":114,"column":null}}],"line":111},"8":{"loc":{"start":{"line":119,"column":19},"end":{"line":122,"column":null}},"type":"binary-expr","locations":[{"start":{"line":119,"column":19},"end":{"line":119,"column":null}},{"start":{"line":120,"column":20},"end":{"line":122,"column":null}}],"line":119},"9":{"loc":{"start":{"line":127,"column":19},"end":{"line":156,"column":null}},"type":"binary-expr","locations":[{"start":{"line":127,"column":19},"end":{"line":127,"column":33}},{"start":{"line":127,"column":33},"end":{"line":127,"column":45}},{"start":{"line":127,"column":45},"end":{"line":127,"column":null}},{"start":{"line":128,"column":20},"end":{"line":156,"column":null}}],"line":127},"10":{"loc":{"start":{"line":130,"column":25},"end":{"line":135,"column":null}},"type":"cond-expr","locations":[{"start":{"line":131,"column":26},"end":{"line":132,"column":null}},{"start":{"line":135,"column":26},"end":{"line":135,"column":null}}],"line":130},"11":{"loc":{"start":{"line":149,"column":52},"end":{"line":149,"column":null}},"type":"binary-expr","locations":[{"start":{"line":149,"column":52},"end":{"line":149,"column":71}},{"start":{"line":149,"column":71},"end":{"line":149,"column":null}}],"line":149}},"s":{"0":2,"1":13,"2":13,"3":13,"4":13,"5":13,"6":13,"7":8,"8":0,"9":13,"10":13,"11":1,"12":13,"13":0,"14":0,"15":13,"16":2,"17":13,"18":0,"19":0,"20":0,"21":13,"22":5,"23":1,"24":1},"f":{"0":13,"1":8,"2":1,"3":0,"4":2,"5":0,"6":5,"7":1,"8":1},"b":{"0":[13,0],"1":[13,13,9],"2":[0,8],"3":[0,0],"4":[13,0],"5":[13,0],"6":[13,6,0],"7":[13,7],"8":[13,0],"9":[13,6,6,6],"10":[5,1],"11":[6,0]},"meta":{"lastBranch":12,"lastFunction":9,"lastStatement":25,"seen":{"s:17:6:174:Infinity":0,"f:17:6:17:18":0,"s:18:23:18:59":1,"s:19:17:19:43":2,"s:20:8:20:38":3,"s:22:22:22:67":4,"b:22:31:22:55:22:59:22:64":0,"s:23:22:23:Infinity":5,"b:23:22:23:46:23:50:23:85:23:89:23:Infinity":1,"s:25:2:29:Infinity":6,"f:25:2:25:18":1,"b:26:4:27:Infinity:undefined:undefined:undefined:undefined":2,"s:26:4:27:Infinity":7,"s:27:6:27:Infinity":8,"s:36:48:36:102":9,"s:39:30:40:Infinity":10,"f:39:30:39:42":2,"s:40:4:40:Infinity":11,"s:43:8:45:Infinity":12,"f:43:8:43:24":3,"s:44:4:44:Infinity":13,"s:45:4:45:Infinity":14,"s:48:8:49:Infinity":15,"f:48:8:48:28":4,"s:49:4:49:Infinity":16,"s:55:8:57:Infinity":17,"f:55:8:55:27":5,"b:56:4:56:Infinity:undefined:undefined:undefined:undefined":3,"s:56:4:56:Infinity":18,"s:56:30:56:Infinity":19,"s:57:4:57:Infinity":20,"s:60:2:174:Infinity":21,"b:72:38:72:64:72:64:72:Infinity":4,"b:74:32:74:39:74:39:74:Infinity":5,"b:101:15:101:29:101:29:101:Infinity:102:16:104:Infinity":6,"b:111:19:111:Infinity:112:20:114:Infinity":7,"b:119:19:119:Infinity:120:20:122:Infinity":8,"b:127:19:127:33:127:33:127:45:127:45:127:Infinity:128:20:156:Infinity":9,"b:131:26:132:Infinity:135:26:135:Infinity":10,"f:131:39:131:44":6,"s:132:28:132:Infinity":22,"f:142:26:142:41":7,"s:142:41:142:74":23,"b:149:52:149:71:149:71:149:Infinity":11,"f:150:26:150:41":8,"s:150:41:150:74":24}}}
,"D:\\Проги\\прожки\\Из нета\\RSScool2026\\rsschool-cv\\src\\components\\About.tsx": {"path":"D:\\Проги\\прожки\\Из нета\\RSScool2026\\rsschool-cv\\src\\components\\About.tsx","statementMap":{"0":{"start":{"line":2,"column":6},"end":{"line":10,"column":null}},"1":{"start":{"line":3,"column":2},"end":{"line":10,"column":null}}},"fnMap":{"0":{"name":"(anonymous_0)","decl":{"start":{"line":2,"column":6},"end":{"line":2,"column":20}},"loc":{"start":{"line":2,"column":20},"end":{"line":10,"column":null}},"line":2}},"branchMap":{},"s":{"0":3,"1":1},"f":{"0":1},"b":{},"meta":{"lastBranch":0,"lastFunction":1,"lastStatement":2,"seen":{"s:2:6:10:Infinity":0,"f:2:6:2:20":0,"s:3:2:10:Infinity":1}}}
,"D:\\Проги\\прожки\\Из нета\\RSScool2026\\rsschool-cv\\src\\components\\Card.tsx": {"path":"D:\\Проги\\прожки\\Из нета\\RSScool2026\\rsschool-cv\\src\\components\\Card.tsx","statementMap":{"0":{"start":{"line":11,"column":6},"end":{"line":44,"column":null}},"1":{"start":{"line":12,"column":8},"end":{"line":12,"column":32}},"2":{"start":{"line":14,"column":30},"end":{"line":14,"column":69}},"3":{"start":{"line":16,"column":21},"end":{"line":16,"column":74}},"4":{"start":{"line":16,"column":52},"end":{"line":16,"column":74}},"5":{"start":{"line":18,"column":8},"end":{"line":20,"column":null}},"6":{"start":{"line":19,"column":4},"end":{"line":19,"column":null}},"7":{"start":{"line":20,"column":4},"end":{"line":20,"column":null}},"8":{"start":{"line":23,"column":8},"end":{"line":24,"column":null}},"9":{"start":{"line":24,"column":4},"end":{"line":24,"column":null}},"10":{"start":{"line":27,"column":2},"end":{"line":44,"column":null}}},"fnMap":{"0":{"name":"(anonymous_0)","decl":{"start":{"line":11,"column":6},"end":{"line":11,"column":35}},"loc":{"start":{"line":11,"column":53},"end":{"line":44,"column":null}},"line":11},"1":{"name":"(anonymous_1)","decl":{"start":{"line":16,"column":40},"end":{"line":16,"column":46}},"loc":{"start":{"line":16,"column":52},"end":{"line":16,"column":74}},"line":16},"2":{"name":"(anonymous_2)","decl":{"start":{"line":18,"column":8},"end":{"line":18,"column":31}},"loc":{"start":{"line":18,"column":55},"end":{"line":20,"column":null}},"line":18},"3":{"name":"(anonymous_3)","decl":{"start":{"line":23,"column":8},"end":{"line":23,"column":32}},"loc":{"start":{"line":23,"column":32},"end":{"line":24,"column":null}},"line":23}},"branchMap":{"0":{"loc":{"start":{"line":29,"column":25},"end":{"line":29,"column":null}},"type":"cond-expr","locations":[{"start":{"line":29,"column":38},"end":{"line":29,"column":51}},{"start":{"line":29,"column":51},"end":{"line":29,"column":null}}],"line":29}},"s":{"0":5,"1":13,"2":13,"3":13,"4":1,"5":13,"6":1,"7":1,"8":13,"9":0,"10":13},"f":{"0":13,"1":1,"2":1,"3":0},"b":{"0":[1,12]},"meta":{"lastBranch":1,"lastFunction":4,"lastStatement":11,"seen":{"s:11:6:44:Infinity":0,"f:11:6:11:35":0,"s:12:8:12:32":1,"s:14:30:14:69":2,"s:16:21:16:74":3,"f:16:40:16:46":1,"s:16:52:16:74":4,"s:18:8:20:Infinity":5,"f:18:8:18:31":2,"s:19:4:19:Infinity":6,"s:20:4:20:Infinity":7,"s:23:8:24:Infinity":8,"f:23:8:23:32":3,"s:24:4:24:Infinity":9,"s:27:2:44:Infinity":10,"b:29:38:29:51:29:51:29:Infinity":0}}}
,"D:\\Проги\\прожки\\Из нета\\RSScool2026\\rsschool-cv\\src\\components\\CardList.tsx": {"path":"D:\\Проги\\прожки\\Из нета\\RSScool2026\\rsschool-cv\\src\\components\\CardList.tsx","statementMap":{"0":{"start":{"line":12,"column":27},"end":{"line":12,"column":null}},"1":{"start":{"line":14,"column":4},"end":{"line":15,"column":null}},"2":{"start":{"line":15,"column":6},"end":{"line":15,"column":null}},"3":{"start":{"line":18,"column":4},"end":{"line":23,"column":null}},"4":{"start":{"line":21,"column":10},"end":{"line":21,"column":null}}},"fnMap":{"0":{"name":"(anonymous_0)","decl":{"start":{"line":11,"column":2},"end":{"line":11,"column":11}},"loc":{"start":{"line":11,"column":11},"end":{"line":23,"column":null}},"line":11},"1":{"name":"(anonymous_1)","decl":{"start":{"line":20,"column":20},"end":{"line":20,"column":25}},"loc":{"start":{"line":21,"column":10},"end":{"line":21,"column":null}},"line":21}},"branchMap":{"0":{"loc":{"start":{"line":14,"column":4},"end":{"line":15,"column":null}},"type":"if","locations":[{"start":{"line":14,"column":4},"end":{"line":15,"column":null}},{"start":{},"end":{}}],"line":14}},"s":{"0":2,"1":2,"2":1,"3":1,"4":2},"f":{"0":2,"1":2},"b":{"0":[1,1]},"meta":{"lastBranch":1,"lastFunction":2,"lastStatement":5,"seen":{"f:11:2:11:11":0,"s:12:27:12:Infinity":0,"b:14:4:15:Infinity:undefined:undefined:undefined:undefined":0,"s:14:4:15:Infinity":1,"s:15:6:15:Infinity":2,"s:18:4:23:Infinity":3,"f:20:20:20:25":1,"s:21:10:21:Infinity":4}}}
,"D:\\Проги\\прожки\\Из нета\\RSScool2026\\rsschool-cv\\src\\components\\CharacterDetails.tsx": {"path":"D:\\Проги\\прожки\\Из нета\\RSScool2026\\rsschool-cv\\src\\components\\CharacterDetails.tsx","statementMap":{"0":{"start":{"line":5,"column":6},"end":{"line":59,"column":null}},"1":{"start":{"line":6,"column":10},"end":{"line":6,"column":44}},"2":{"start":{"line":7,"column":8},"end":{"line":7,"column":32}},"3":{"start":{"line":12,"column":47},"end":{"line":12,"column":93}},"4":{"start":{"line":14,"column":8},"end":{"line":15,"column":null}},"5":{"start":{"line":15,"column":4},"end":{"line":15,"column":null}},"6":{"start":{"line":21,"column":8},"end":{"line":23,"column":null}},"7":{"start":{"line":22,"column":4},"end":{"line":22,"column":null}},"8":{"start":{"line":22,"column":30},"end":{"line":22,"column":null}},"9":{"start":{"line":23,"column":4},"end":{"line":23,"column":null}},"10":{"start":{"line":26,"column":2},"end":{"line":26,"column":null}},"11":{"start":{"line":26,"column":44},"end":{"line":26,"column":null}},"12":{"start":{"line":28,"column":2},"end":{"line":59,"column":null}}},"fnMap":{"0":{"name":"(anonymous_0)","decl":{"start":{"line":5,"column":6},"end":{"line":5,"column":31}},"loc":{"start":{"line":5,"column":31},"end":{"line":59,"column":null}},"line":5},"1":{"name":"(anonymous_1)","decl":{"start":{"line":14,"column":8},"end":{"line":14,"column":28}},"loc":{"start":{"line":14,"column":28},"end":{"line":15,"column":null}},"line":14},"2":{"name":"(anonymous_2)","decl":{"start":{"line":21,"column":8},"end":{"line":21,"column":27}},"loc":{"start":{"line":21,"column":52},"end":{"line":23,"column":null}},"line":21}},"branchMap":{"0":{"loc":{"start":{"line":12,"column":82},"end":{"line":12,"column":93}},"type":"binary-expr","locations":[{"start":{"line":12,"column":82},"end":{"line":12,"column":88}},{"start":{"line":12,"column":88},"end":{"line":12,"column":93}}],"line":12},"1":{"loc":{"start":{"line":22,"column":4},"end":{"line":22,"column":null}},"type":"if","locations":[{"start":{"line":22,"column":4},"end":{"line":22,"column":null}},{"start":{},"end":{}}],"line":22},"2":{"loc":{"start":{"line":26,"column":2},"end":{"line":26,"column":null}},"type":"if","locations":[{"start":{"line":26,"column":2},"end":{"line":26,"column":null}},{"start":{},"end":{}}],"line":26},"3":{"loc":{"start":{"line":26,"column":6},"end":{"line":26,"column":44}},"type":"binary-expr","locations":[{"start":{"line":26,"column":6},"end":{"line":26,"column":20}},{"start":{"line":26,"column":20},"end":{"line":26,"column":32}},{"start":{"line":26,"column":32},"end":{"line":26,"column":44}}],"line":26},"4":{"loc":{"start":{"line":35,"column":7},"end":{"line":38,"column":null}},"type":"binary-expr","locations":[{"start":{"line":35,"column":7},"end":{"line":35,"column":null}},{"start":{"line":36,"column":8},"end":{"line":38,"column":null}}],"line":35},"5":{"loc":{"start":{"line":43,"column":7},"end":{"line":46,"column":null}},"type":"binary-expr","locations":[{"start":{"line":43,"column":7},"end":{"line":43,"column":null}},{"start":{"line":44,"column":8},"end":{"line":46,"column":null}}],"line":43},"6":{"loc":{"start":{"line":51,"column":7},"end":{"line":59,"column":null}},"type":"binary-expr","locations":[{"start":{"line":51,"column":7},"end":{"line":51,"column":21}},{"start":{"line":51,"column":21},"end":{"line":51,"column":33}},{"start":{"line":51,"column":33},"end":{"line":51,"column":null}},{"start":{"line":52,"column":8},"end":{"line":59,"column":null}}],"line":51}},"s":{"0":3,"1":2,"2":2,"3":2,"4":2,"5":1,"6":2,"7":0,"8":0,"9":0,"10":2,"11":0,"12":2},"f":{"0":2,"1":1,"2":0},"b":{"0":[2,0],"1":[0,0],"2":[0,2],"3":[2,1,1],"4":[2,1],"5":[2,0],"6":[2,1,1,1]},"meta":{"lastBranch":7,"lastFunction":3,"lastStatement":13,"seen":{"s:5:6:59:Infinity":0,"f:5:6:5:31":0,"s:6:10:6:44":1,"s:7:8:7:32":2,"s:12:47:12:93":3,"b:12:82:12:88:12:88:12:93":0,"s:14:8:15:Infinity":4,"f:14:8:14:28":1,"s:15:4:15:Infinity":5,"s:21:8:23:Infinity":6,"f:21:8:21:27":2,"b:22:4:22:Infinity:undefined:undefined:undefined:undefined":1,"s:22:4:22:Infinity":7,"s:22:30:22:Infinity":8,"s:23:4:23:Infinity":9,"b:26:2:26:Infinity:undefined:undefined:undefined:undefined":2,"s:26:2:26:Infinity":10,"b:26:6:26:20:26:20:26:32:26:32:26:44":3,"s:26:44:26:Infinity":11,"s:28:2:59:Infinity":12,"b:35:7:35:Infinity:36:8:38:Infinity":4,"b:43:7:43:Infinity:44:8:46:Infinity":5,"b:51:7:51:21:51:21:51:33:51:33:51:Infinity:52:8:59:Infinity":6}}}
,"D:\\Проги\\прожки\\Из нета\\RSScool2026\\rsschool-cv\\src\\components\\ErrorBoundary.tsx": {"path":"D:\\Проги\\прожки\\Из нета\\RSScool2026\\rsschool-cv\\src\\components\\ErrorBoundary.tsx","statementMap":{"0":{"start":{"line":14,"column":4},"end":{"line":14,"column":null}},"1":{"start":{"line":15,"column":4},"end":{"line":15,"column":null}},"2":{"start":{"line":20,"column":4},"end":{"line":20,"column":null}},"3":{"start":{"line":24,"column":4},"end":{"line":24,"column":null}},"4":{"start":{"line":28,"column":4},"end":{"line":37,"column":null}},"5":{"start":{"line":29,"column":6},"end":{"line":37,"column":null}},"6":{"start":{"line":34,"column":27},"end":{"line":34,"column":61}},"7":{"start":{"line":42,"column":4},"end":{"line":42,"column":null}}},"fnMap":{"0":{"name":"(anonymous_0)","decl":{"start":{"line":13,"column":2},"end":{"line":13,"column":14}},"loc":{"start":{"line":13,"column":28},"end":{"line":15,"column":null}},"line":13},"1":{"name":"(anonymous_1)","decl":{"start":{"line":19,"column":9},"end":{"line":19,"column":43}},"loc":{"start":{"line":19,"column":43},"end":{"line":20,"column":null}},"line":19},"2":{"name":"(anonymous_2)","decl":{"start":{"line":23,"column":2},"end":{"line":23,"column":20}},"loc":{"start":{"line":23,"column":56},"end":{"line":24,"column":null}},"line":23},"3":{"name":"(anonymous_3)","decl":{"start":{"line":27,"column":2},"end":{"line":27,"column":11}},"loc":{"start":{"line":27,"column":11},"end":{"line":42,"column":null}},"line":27},"4":{"name":"(anonymous_4)","decl":{"start":{"line":34,"column":12},"end":{"line":34,"column":27}},"loc":{"start":{"line":34,"column":27},"end":{"line":34,"column":61}},"line":34}},"branchMap":{"0":{"loc":{"start":{"line":28,"column":4},"end":{"line":37,"column":null}},"type":"if","locations":[{"start":{"line":28,"column":4},"end":{"line":37,"column":null}},{"start":{},"end":{}}],"line":28}},"s":{"0":10,"1":10,"2":4,"3":2,"4":24,"5":5,"6":1,"7":19},"f":{"0":10,"1":3,"2":2,"3":24,"4":1},"b":{"0":[5,19]},"meta":{"lastBranch":1,"lastFunction":5,"lastStatement":8,"seen":{"f:13:2:13:14":0,"s:14:4:14:Infinity":0,"s:15:4:15:Infinity":1,"f:19:9:19:43":1,"s:20:4:20:Infinity":2,"f:23:2:23:20":2,"s:24:4:24:Infinity":3,"f:27:2:27:11":3,"b:28:4:37:Infinity:undefined:undefined:undefined:undefined":0,"s:28:4:37:Infinity":4,"s:29:6:37:Infinity":5,"f:34:12:34:27":4,"s:34:27:34:61":6,"s:42:4:42:Infinity":7}}}
,"D:\\Проги\\прожки\\Из нета\\RSScool2026\\rsschool-cv\\src\\components\\ErrorButton.tsx": {"path":"D:\\Проги\\прожки\\Из нета\\RSScool2026\\rsschool-cv\\src\\components\\ErrorButton.tsx","statementMap":{"0":{"start":{"line":14,"column":2},"end":{"line":15,"column":null}},"1":{"start":{"line":10,"column":4},"end":{"line":10,"column":null}},"2":{"start":{"line":11,"column":4},"end":{"line":11,"column":null}},"3":{"start":{"line":15,"column":4},"end":{"line":15,"column":null}},"4":{"start":{"line":19,"column":4},"end":{"line":20,"column":null}},"5":{"start":{"line":20,"column":6},"end":{"line":20,"column":null}},"6":{"start":{"line":23,"column":4},"end":{"line":31,"column":null}}},"fnMap":{"0":{"name":"(anonymous_0)","decl":{"start":{"line":9,"column":2},"end":{"line":9,"column":14}},"loc":{"start":{"line":9,"column":44},"end":{"line":11,"column":null}},"line":9},"1":{"name":"(anonymous_1)","decl":{"start":{"line":14,"column":2},"end":{"line":14,"column":22}},"loc":{"start":{"line":14,"column":22},"end":{"line":15,"column":null}},"line":14},"2":{"name":"(anonymous_2)","decl":{"start":{"line":18,"column":2},"end":{"line":18,"column":11}},"loc":{"start":{"line":18,"column":11},"end":{"line":31,"column":null}},"line":18}},"branchMap":{"0":{"loc":{"start":{"line":19,"column":4},"end":{"line":20,"column":null}},"type":"if","locations":[{"start":{"line":19,"column":4},"end":{"line":20,"column":null}},{"start":{},"end":{}}],"line":19}},"s":{"0":1,"1":6,"2":6,"3":1,"4":16,"5":2,"6":14},"f":{"0":6,"1":1,"2":16},"b":{"0":[2,14]},"meta":{"lastBranch":1,"lastFunction":3,"lastStatement":7,"seen":{"s:14:2:15:Infinity":0,"f:9:2:9:14":0,"s:10:4:10:Infinity":1,"s:11:4:11:Infinity":2,"f:14:2:14:22":1,"s:15:4:15:Infinity":3,"f:18:2:18:11":2,"b:19:4:20:Infinity:undefined:undefined:undefined:undefined":0,"s:19:4:20:Infinity":4,"s:20:6:20:Infinity":5,"s:23:4:31:Infinity":6}}}
,"D:\\Проги\\прожки\\Из нета\\RSScool2026\\rsschool-cv\\src\\components\\Flyout.tsx": {"path":"D:\\Проги\\прожки\\Из нета\\RSScool2026\\rsschool-cv\\src\\components\\Flyout.tsx","statementMap":{"0":{"start":{"line":5,"column":6},"end":{"line":63,"column":null}},"1":{"start":{"line":6,"column":30},"end":{"line":6,"column":68}},"2":{"start":{"line":7,"column":16},"end":{"line":7,"column":null}},"3":{"start":{"line":9,"column":2},"end":{"line":9,"column":null}},"4":{"start":{"line":9,"column":19},"end":{"line":9,"column":null}},"5":{"start":{"line":11,"column":8},"end":{"line":41,"column":null}},"6":{"start":{"line":12,"column":4},"end":{"line":12,"column":null}},"7":{"start":{"line":12,"column":21},"end":{"line":12,"column":null}},"8":{"start":{"line":14,"column":20},"end":{"line":14,"column":null}},"9":{"start":{"line":15,"column":17},"end":{"line":22,"column":6}},"10":{"start":{"line":15,"column":50},"end":{"line":22,"column":6}},"11":{"start":{"line":24,"column":23},"end":{"line":26,"column":17}},"12":{"start":{"line":25,"column":18},"end":{"line":25,"column":29}},"13":{"start":{"line":28,"column":17},"end":{"line":28,"column":76}},"14":{"start":{"line":30,"column":16},"end":{"line":30,"column":41}},"15":{"start":{"line":32,"column":17},"end":{"line":32,"column":44}},"16":{"start":{"line":33,"column":4},"end":{"line":33,"column":null}},"17":{"start":{"line":35,"column":4},"end":{"line":35,"column":null}},"18":{"start":{"line":37,"column":4},"end":{"line":37,"column":null}},"19":{"start":{"line":38,"column":4},"end":{"line":38,"column":null}},"20":{"start":{"line":40,"column":4},"end":{"line":40,"column":null}},"21":{"start":{"line":41,"column":4},"end":{"line":41,"column":null}},"22":{"start":{"line":44,"column":2},"end":{"line":63,"column":null}}},"fnMap":{"0":{"name":"(anonymous_0)","decl":{"start":{"line":5,"column":6},"end":{"line":5,"column":31}},"loc":{"start":{"line":5,"column":31},"end":{"line":63,"column":null}},"line":5},"1":{"name":"(anonymous_1)","decl":{"start":{"line":11,"column":8},"end":{"line":11,"column":34}},"loc":{"start":{"line":11,"column":34},"end":{"line":41,"column":null}},"line":11},"2":{"name":"(anonymous_2)","decl":{"start":{"line":15,"column":36},"end":{"line":15,"column":41}},"loc":{"start":{"line":15,"column":50},"end":{"line":22,"column":6}},"line":15},"3":{"name":"(anonymous_3)","decl":{"start":{"line":25,"column":7},"end":{"line":25,"column":12}},"loc":{"start":{"line":25,"column":18},"end":{"line":25,"column":29}},"line":25}},"branchMap":{"0":{"loc":{"start":{"line":9,"column":2},"end":{"line":9,"column":null}},"type":"if","locations":[{"start":{"line":9,"column":2},"end":{"line":9,"column":null}},{"start":{},"end":{}}],"line":9},"1":{"loc":{"start":{"line":12,"column":4},"end":{"line":12,"column":null}},"type":"if","locations":[{"start":{"line":12,"column":4},"end":{"line":12,"column":null}},{"start":{},"end":{}}],"line":12}},"s":{"0":3,"1":17,"2":17,"3":17,"4":15,"5":2,"6":1,"7":0,"8":1,"9":1,"10":1,"11":1,"12":2,"13":1,"14":1,"15":1,"16":1,"17":1,"18":1,"19":1,"20":1,"21":1,"22":2},"f":{"0":17,"1":1,"2":1,"3":2},"b":{"0":[15,2],"1":[0,1]},"meta":{"lastBranch":2,"lastFunction":4,"lastStatement":23,"seen":{"s:5:6:63:Infinity":0,"f:5:6:5:31":0,"s:6:30:6:68":1,"s:7:16:7:Infinity":2,"b:9:2:9:Infinity:undefined:undefined:undefined:undefined":0,"s:9:2:9:Infinity":3,"s:9:19:9:Infinity":4,"s:11:8:41:Infinity":5,"f:11:8:11:34":1,"b:12:4:12:Infinity:undefined:undefined:undefined:undefined":1,"s:12:4:12:Infinity":6,"s:12:21:12:Infinity":7,"s:14:20:14:Infinity":8,"s:15:17:22:6":9,"f:15:36:15:41":2,"s:15:50:22:6":10,"s:24:23:26:17":11,"f:25:7:25:12":3,"s:25:18:25:29":12,"s:28:17:28:76":13,"s:30:16:30:41":14,"s:32:17:32:44":15,"s:33:4:33:Infinity":16,"s:35:4:35:Infinity":17,"s:37:4:37:Infinity":18,"s:38:4:38:Infinity":19,"s:40:4:40:Infinity":20,"s:41:4:41:Infinity":21,"s:44:2:63:Infinity":22}}}
,"D:\\Проги\\прожки\\Из нета\\RSScool2026\\rsschool-cv\\src\\components\\NotFound.tsx": {"path":"D:\\Проги\\прожки\\Из нета\\RSScool2026\\rsschool-cv\\src\\components\\NotFound.tsx","statementMap":{"0":{"start":{"line":4,"column":6},"end":{"line":13,"column":null}},"1":{"start":{"line":5,"column":8},"end":{"line":5,"column":32}},"2":{"start":{"line":7,"column":2},"end":{"line":13,"column":null}},"3":{"start":{"line":11,"column":49},"end":{"line":11,"column":62}}},"fnMap":{"0":{"name":"(anonymous_0)","decl":{"start":{"line":4,"column":6},"end":{"line":4,"column":23}},"loc":{"start":{"line":4,"column":23},"end":{"line":13,"column":null}},"line":4},"1":{"name":"(anonymous_1)","decl":{"start":{"line":11,"column":34},"end":{"line":11,"column":49}},"loc":{"start":{"line":11,"column":49},"end":{"line":11,"column":62}},"line":11}},"branchMap":{},"s":{"0":3,"1":2,"2":2,"3":1},"f":{"0":2,"1":1},"b":{},"meta":{"lastBranch":0,"lastFunction":2,"lastStatement":4,"seen":{"s:4:6:13:Infinity":0,"f:4:6:4:23":0,"s:5:8:5:32":1,"s:7:2:13:Infinity":2,"f:11:34:11:49":1,"s:11:49:11:62":3}}}
,"D:\\Проги\\прожки\\Из нета\\RSScool2026\\rsschool-cv\\src\\components\\SearchBar.tsx": {"path":"D:\\Проги\\прожки\\Из нета\\RSScool2026\\rsschool-cv\\src\\components\\SearchBar.tsx","statementMap":{"0":{"start":{"line":9,"column":6},"end":{"line":37,"column":null}},"1":{"start":{"line":10,"column":21},"end":{"line":10,"column":72}},"2":{"start":{"line":12,"column":8},"end":{"line":13,"column":null}},"3":{"start":{"line":13,"column":4},"end":{"line":13,"column":null}},"4":{"start":{"line":16,"column":8},"end":{"line":18,"column":null}},"5":{"start":{"line":17,"column":17},"end":{"line":17,"column":34}},"6":{"start":{"line":18,"column":4},"end":{"line":18,"column":null}},"7":{"start":{"line":21,"column":2},"end":{"line":37,"column":null}}},"fnMap":{"0":{"name":"(anonymous_0)","decl":{"start":{"line":9,"column":6},"end":{"line":9,"column":42}},"loc":{"start":{"line":9,"column":59},"end":{"line":37,"column":null}},"line":9},"1":{"name":"(anonymous_1)","decl":{"start":{"line":12,"column":8},"end":{"line":12,"column":29}},"loc":{"start":{"line":12,"column":76},"end":{"line":13,"column":null}},"line":12},"2":{"name":"(anonymous_2)","decl":{"start":{"line":16,"column":8},"end":{"line":16,"column":34}},"loc":{"start":{"line":16,"column":34},"end":{"line":18,"column":null}},"line":16}},"branchMap":{},"s":{"0":3,"1":16,"2":16,"3":1,"4":16,"5":1,"6":1,"7":16},"f":{"0":16,"1":1,"2":1},"b":{},"meta":{"lastBranch":0,"lastFunction":3,"lastStatement":8,"seen":{"s:9:6:37:Infinity":0,"f:9:6:9:42":0,"s:10:21:10:72":1,"s:12:8:13:Infinity":2,"f:12:8:12:29":1,"s:13:4:13:Infinity":3,"s:16:8:18:Infinity":4,"f:16:8:16:34":2,"s:17:17:17:34":5,"s:18:4:18:Infinity":6,"s:21:2:37:Infinity":7}}}
,"D:\\Проги\\прожки\\Из нета\\RSScool2026\\rsschool-cv\\src\\context\\ThemeContext.tsx": {"path":"D:\\Проги\\прожки\\Из нета\\RSScool2026\\rsschool-cv\\src\\context\\ThemeContext.tsx","statementMap":{"0":{"start":{"line":5,"column":13},"end":{"line":25,"column":null}},"1":{"start":{"line":6,"column":16},"end":{"line":9,"column":null}},"2":{"start":{"line":7,"column":18},"end":{"line":7,"column":51}},"3":{"start":{"line":8,"column":4},"end":{"line":8,"column":null}},"4":{"start":{"line":11,"column":8},"end":{"line":12,"column":null}},"5":{"start":{"line":12,"column":4},"end":{"line":12,"column":null}},"6":{"start":{"line":12,"column":24},"end":{"line":12,"column":61}},"7":{"start":{"line":15,"column":2},"end":{"line":20,"column":null}},"8":{"start":{"line":16,"column":17},"end":{"line":16,"column":null}},"9":{"start":{"line":17,"column":4},"end":{"line":17,"column":null}},"10":{"start":{"line":18,"column":4},"end":{"line":18,"column":null}},"11":{"start":{"line":19,"column":4},"end":{"line":19,"column":null}},"12":{"start":{"line":22,"column":2},"end":{"line":25,"column":null}}},"fnMap":{"0":{"name":"(anonymous_0)","decl":{"start":{"line":5,"column":13},"end":{"line":5,"column":71}},"loc":{"start":{"line":5,"column":88},"end":{"line":25,"column":null}},"line":5},"1":{"name":"(anonymous_1)","decl":{"start":{"line":6,"column":28},"end":{"line":6,"column":50}},"loc":{"start":{"line":6,"column":50},"end":{"line":9,"column":null}},"line":6},"2":{"name":"(anonymous_2)","decl":{"start":{"line":11,"column":8},"end":{"line":11,"column":28}},"loc":{"start":{"line":11,"column":28},"end":{"line":12,"column":null}},"line":11},"3":{"name":"(anonymous_3)","decl":{"start":{"line":12,"column":4},"end":{"line":12,"column":14}},"loc":{"start":{"line":12,"column":24},"end":{"line":12,"column":61}},"line":12},"4":{"name":"(anonymous_4)","decl":{"start":{"line":15,"column":2},"end":{"line":15,"column":18}},"loc":{"start":{"line":15,"column":18},"end":{"line":20,"column":6}},"line":15}},"branchMap":{"0":{"loc":{"start":{"line":8,"column":12},"end":{"line":8,"column":null}},"type":"binary-expr","locations":[{"start":{"line":8,"column":12},"end":{"line":8,"column":31}},{"start":{"line":8,"column":31},"end":{"line":8,"column":null}}],"line":8},"1":{"loc":{"start":{"line":12,"column":24},"end":{"line":12,"column":61}},"type":"cond-expr","locations":[{"start":{"line":12,"column":43},"end":{"line":12,"column":52}},{"start":{"line":12,"column":52},"end":{"line":12,"column":61}}],"line":12}},"s":{"0":5,"1":11,"2":11,"3":11,"4":11,"5":0,"6":0,"7":11,"8":11,"9":11,"10":11,"11":11,"12":11},"f":{"0":11,"1":11,"2":0,"3":0,"4":11},"b":{"0":[11,8],"1":[0,0]},"meta":{"lastBranch":2,"lastFunction":5,"lastStatement":13,"seen":{"s:5:13:25:Infinity":0,"f:5:13:5:71":0,"s:6:16:9:Infinity":1,"f:6:28:6:50":1,"s:7:18:7:51":2,"s:8:4:8:Infinity":3,"b:8:12:8:31:8:31:8:Infinity":0,"s:11:8:12:Infinity":4,"f:11:8:11:28":2,"s:12:4:12:Infinity":5,"f:12:4:12:14":3,"s:12:24:12:61":6,"b:12:43:12:52:12:52:12:61":1,"s:15:2:20:Infinity":7,"f:15:2:15:18":4,"s:16:17:16:Infinity":8,"s:17:4:17:Infinity":9,"s:18:4:18:Infinity":10,"s:19:4:19:Infinity":11,"s:22:2:25:Infinity":12}}}
,"D:\\Проги\\прожки\\Из нета\\RSScool2026\\rsschool-cv\\src\\context\\ThemeContextObject.ts": {"path":"D:\\Проги\\прожки\\Из нета\\RSScool2026\\rsschool-cv\\src\\context\\ThemeContextObject.ts","statementMap":{"0":{"start":{"line":12,"column":13},"end":{"line":12,"column":82}}},"fnMap":{},"branchMap":{},"s":{"0":5},"f":{},"b":{},"meta":{"lastBranch":0,"lastFunction":0,"lastStatement":1,"seen":{"s:12:13:12:82":0}}}
,"D:\\Проги\\прожки\\Из нета\\RSScool2026\\rsschool-cv\\src\\hooks\\useApiQueries.ts": {"path":"D:\\Проги\\прожки\\Из нета\\RSScool2026\\rsschool-cv\\src\\hooks\\useApiQueries.ts","statementMap":{"0":{"start":{"line":11,"column":13},"end":{"line":39,"column":null}},"1":{"start":{"line":12,"column":2},"end":{"line":39,"column":null}},"2":{"start":{"line":22,"column":23},"end":{"line":23,"column":null}},"3":{"start":{"line":26,"column":6},"end":{"line":34,"column":null}},"4":{"start":{"line":27,"column":8},"end":{"line":31,"column":null}},"5":{"start":{"line":28,"column":10},"end":{"line":31,"column":null}},"6":{"start":{"line":34,"column":8},"end":{"line":34,"column":null}},"7":{"start":{"line":37,"column":6},"end":{"line":37,"column":null}},"8":{"start":{"line":47,"column":13},"end":{"line":64,"column":null}},"9":{"start":{"line":48,"column":2},"end":{"line":64,"column":null}},"10":{"start":{"line":52,"column":6},"end":{"line":52,"column":null}},"11":{"start":{"line":52,"column":15},"end":{"line":52,"column":null}},"12":{"start":{"line":54,"column":23},"end":{"line":54,"column":85}},"13":{"start":{"line":56,"column":6},"end":{"line":57,"column":null}},"14":{"start":{"line":57,"column":8},"end":{"line":57,"column":null}},"15":{"start":{"line":60,"column":6},"end":{"line":60,"column":null}}},"fnMap":{"0":{"name":"(anonymous_0)","decl":{"start":{"line":11,"column":13},"end":{"line":11,"column":35}},"loc":{"start":{"line":11,"column":66},"end":{"line":39,"column":null}},"line":11},"1":{"name":"(anonymous_1)","decl":{"start":{"line":21,"column":13},"end":{"line":21,"column":25}},"loc":{"start":{"line":21,"column":25},"end":{"line":37,"column":null}},"line":21},"2":{"name":"(anonymous_2)","decl":{"start":{"line":47,"column":13},"end":{"line":47,"column":41}},"loc":{"start":{"line":47,"column":63},"end":{"line":64,"column":null}},"line":47},"3":{"name":"(anonymous_3)","decl":{"start":{"line":51,"column":13},"end":{"line":51,"column":25}},"loc":{"start":{"line":51,"column":25},"end":{"line":60,"column":null}},"line":51}},"branchMap":{"0":{"loc":{"start":{"line":26,"column":6},"end":{"line":34,"column":null}},"type":"if","locations":[{"start":{"line":26,"column":6},"end":{"line":34,"column":null}},{"start":{},"end":{}}],"line":26},"1":{"loc":{"start":{"line":27,"column":8},"end":{"line":31,"column":null}},"type":"if","locations":[{"start":{"line":27,"column":8},"end":{"line":31,"column":null}},{"start":{},"end":{}}],"line":27},"2":{"loc":{"start":{"line":52,"column":6},"end":{"line":52,"column":null}},"type":"if","locations":[{"start":{"line":52,"column":6},"end":{"line":52,"column":null}},{"start":{},"end":{}}],"line":52},"3":{"loc":{"start":{"line":56,"column":6},"end":{"line":57,"column":null}},"type":"if","locations":[{"start":{"line":56,"column":6},"end":{"line":57,"column":null}},{"start":{},"end":{}}],"line":56}},"s":{"0":3,"1":13,"2":8,"3":7,"4":2,"5":2,"6":0,"7":5,"8":3,"9":2,"10":1,"11":0,"12":1,"13":1,"14":0,"15":1},"f":{"0":13,"1":8,"2":2,"3":1},"b":{"0":[2,5],"1":[2,0],"2":[0,1],"3":[0,1]},"meta":{"lastBranch":4,"lastFunction":4,"lastStatement":16,"seen":{"s:11:13:39:Infinity":0,"f:11:13:11:35":0,"s:12:2:39:Infinity":1,"f:21:13:21:25":1,"s:22:23:23:Infinity":2,"b:26:6:34:Infinity:undefined:undefined:undefined:undefined":0,"s:26:6:34:Infinity":3,"b:27:8:31:Infinity:undefined:undefined:undefined:undefined":1,"s:27:8:31:Infinity":4,"s:28:10:31:Infinity":5,"s:34:8:34:Infinity":6,"s:37:6:37:Infinity":7,"s:47:13:64:Infinity":8,"f:47:13:47:41":2,"s:48:2:64:Infinity":9,"f:51:13:51:25":3,"b:52:6:52:Infinity:undefined:undefined:undefined:undefined":2,"s:52:6:52:Infinity":10,"s:52:15:52:Infinity":11,"s:54:23:54:85":12,"b:56:6:57:Infinity:undefined:undefined:undefined:undefined":3,"s:56:6:57:Infinity":13,"s:57:8:57:Infinity":14,"s:60:6:60:Infinity":15}}}
,"D:\\Проги\\прожки\\Из нета\\RSScool2026\\rsschool-cv\\src\\hooks\\useLocalStorage.ts": {"path":"D:\\Проги\\прожки\\Из нета\\RSScool2026\\rsschool-cv\\src\\hooks\\useLocalStorage.ts","statementMap":{"0":{"start":{"line":10,"column":21},"end":{"line":24,"column":null}},"1":{"start":{"line":11,"column":2},"end":{"line":22,"column":null}},"2":{"start":{"line":12,"column":17},"end":{"line":12,"column":49}},"3":{"start":{"line":13,"column":4},"end":{"line":13,"column":null}},"4":{"start":{"line":13,"column":15},"end":{"line":13,"column":null}},"5":{"start":{"line":15,"column":4},"end":{"line":18,"column":null}},"6":{"start":{"line":16,"column":6},"end":{"line":16,"column":null}},"7":{"start":{"line":18,"column":6},"end":{"line":18,"column":null}},"8":{"start":{"line":21,"column":4},"end":{"line":21,"column":null}},"9":{"start":{"line":22,"column":4},"end":{"line":22,"column":null}},"10":{"start":{"line":26,"column":2},"end":{"line":32,"column":null}},"11":{"start":{"line":27,"column":4},"end":{"line":30,"column":null}},"12":{"start":{"line":28,"column":6},"end":{"line":28,"column":null}},"13":{"start":{"line":30,"column":6},"end":{"line":30,"column":null}},"14":{"start":{"line":34,"column":2},"end":{"line":34,"column":null}}},"fnMap":{"0":{"name":"useLocalStorage","decl":{"start":{"line":9,"column":16},"end":{"line":9,"column":35}},"loc":{"start":{"line":9,"column":65},"end":{"line":34,"column":null}},"line":9},"1":{"name":"(anonymous_1)","decl":{"start":{"line":10,"column":39},"end":{"line":10,"column":57}},"loc":{"start":{"line":10,"column":57},"end":{"line":24,"column":null}},"line":10},"2":{"name":"(anonymous_2)","decl":{"start":{"line":26,"column":2},"end":{"line":26,"column":18}},"loc":{"start":{"line":26,"column":18},"end":{"line":32,"column":6}},"line":26}},"branchMap":{"0":{"loc":{"start":{"line":13,"column":4},"end":{"line":13,"column":null}},"type":"if","locations":[{"start":{"line":13,"column":4},"end":{"line":13,"column":null}},{"start":{},"end":{}}],"line":13}},"s":{"0":16,"1":6,"2":6,"3":6,"4":5,"5":1,"6":1,"7":0,"8":0,"9":0,"10":16,"11":7,"12":7,"13":0,"14":16},"f":{"0":16,"1":6,"2":7},"b":{"0":[5,1]},"meta":{"lastBranch":1,"lastFunction":3,"lastStatement":15,"seen":{"f:9:16:9:35":0,"s:10:21:24:Infinity":0,"f:10:39:10:57":1,"s:11:2:22:Infinity":1,"s:12:17:12:49":2,"b:13:4:13:Infinity:undefined:undefined:undefined:undefined":0,"s:13:4:13:Infinity":3,"s:13:15:13:Infinity":4,"s:15:4:18:Infinity":5,"s:16:6:16:Infinity":6,"s:18:6:18:Infinity":7,"s:21:4:21:Infinity":8,"s:22:4:22:Infinity":9,"s:26:2:32:Infinity":10,"f:26:2:26:18":2,"s:27:4:30:Infinity":11,"s:28:6:28:Infinity":12,"s:30:6:30:Infinity":13,"s:34:2:34:Infinity":14}}}
,"D:\\Проги\\прожки\\Из нета\\RSScool2026\\rsschool-cv\\src\\hooks\\useTheme.ts": {"path":"D:\\Проги\\прожки\\Из нета\\RSScool2026\\rsschool-cv\\src\\hooks\\useTheme.ts","statementMap":{"0":{"start":{"line":5,"column":13},"end":{"line":10,"column":null}},"1":{"start":{"line":6,"column":8},"end":{"line":6,"column":42}},"2":{"start":{"line":7,"column":2},"end":{"line":8,"column":null}},"3":{"start":{"line":8,"column":4},"end":{"line":8,"column":null}},"4":{"start":{"line":10,"column":2},"end":{"line":10,"column":null}}},"fnMap":{"0":{"name":"(anonymous_0)","decl":{"start":{"line":5,"column":13},"end":{"line":5,"column":30}},"loc":{"start":{"line":5,"column":30},"end":{"line":10,"column":null}},"line":5}},"branchMap":{"0":{"loc":{"start":{"line":7,"column":2},"end":{"line":8,"column":null}},"type":"if","locations":[{"start":{"line":7,"column":2},"end":{"line":8,"column":null}},{"start":{},"end":{}}],"line":7}},"s":{"0":2,"1":13,"2":13,"3":0,"4":13},"f":{"0":13},"b":{"0":[0,13]},"meta":{"lastBranch":1,"lastFunction":1,"lastStatement":5,"seen":{"s:5:13:10:Infinity":0,"f:5:13:5:30":0,"s:6:8:6:42":1,"b:7:2:8:Infinity:undefined:undefined:undefined:undefined":0,"s:7:2:8:Infinity":2,"s:8:4:8:Infinity":3,"s:10:2:10:Infinity":4}}}
,"D:\\Проги\\прожки\\Из нета\\RSScool2026\\rsschool-cv\\src\\store\\useCharacterStore.ts": {"path":"D:\\Проги\\прожки\\Из нета\\RSScool2026\\rsschool-cv\\src\\store\\useCharacterStore.ts","statementMap":{"0":{"start":{"line":13,"column":13},"end":{"line":31,"column":3}},"1":{"start":{"line":13,"column":66},"end":{"line":31,"column":3}},"2":{"start":{"line":16,"column":29},"end":{"line":28,"column":null}},"3":{"start":{"line":17,"column":30},"end":{"line":17,"column":90}},"4":{"start":{"line":17,"column":70},"end":{"line":17,"column":90}},"5":{"start":{"line":19,"column":4},"end":{"line":26,"column":null}},"6":{"start":{"line":20,"column":6},"end":{"line":22,"column":null}},"7":{"start":{"line":21,"column":70},"end":{"line":21,"column":90}},"8":{"start":{"line":24,"column":6},"end":{"line":26,"column":null}},"9":{"start":{"line":30,"column":24},"end":{"line":30,"column":null}}},"fnMap":{"0":{"name":"(anonymous_0)","decl":{"start":{"line":13,"column":33},"end":{"line":13,"column":57}},"loc":{"start":{"line":13,"column":66},"end":{"line":31,"column":3}},"line":13},"1":{"name":"(anonymous_1)","decl":{"start":{"line":16,"column":2},"end":{"line":16,"column":20}},"loc":{"start":{"line":16,"column":29},"end":{"line":28,"column":null}},"line":16},"2":{"name":"(anonymous_2)","decl":{"start":{"line":16,"column":29},"end":{"line":16,"column":34}},"loc":{"start":{"line":16,"column":44},"end":{"line":28,"column":null}},"line":16},"3":{"name":"(anonymous_3)","decl":{"start":{"line":17,"column":55},"end":{"line":17,"column":61}},"loc":{"start":{"line":17,"column":70},"end":{"line":17,"column":90}},"line":17},"4":{"name":"(anonymous_4)","decl":{"start":{"line":21,"column":53},"end":{"line":21,"column":61}},"loc":{"start":{"line":21,"column":70},"end":{"line":21,"column":90}},"line":21},"5":{"name":"(anonymous_5)","decl":{"start":{"line":30,"column":2},"end":{"line":30,"column":24}},"loc":{"start":{"line":30,"column":24},"end":{"line":30,"column":null}},"line":30}},"branchMap":{"0":{"loc":{"start":{"line":19,"column":4},"end":{"line":26,"column":null}},"type":"if","locations":[{"start":{"line":19,"column":4},"end":{"line":26,"column":null}},{"start":{"line":23,"column":11},"end":{"line":26,"column":null}}],"line":19}},"s":{"0":5,"1":5,"2":1,"3":1,"4":0,"5":1,"6":0,"7":0,"8":1,"9":1},"f":{"0":5,"1":1,"2":1,"3":0,"4":0,"5":1},"b":{"0":[0,1]},"meta":{"lastBranch":1,"lastFunction":6,"lastStatement":10,"seen":{"s:13:13:31:3":0,"f:13:33:13:57":0,"s:13:66:31:3":1,"f:16:2:16:20":1,"s:16:29:28:Infinity":2,"f:16:29:16:34":2,"s:17:30:17:90":3,"f:17:55:17:61":3,"s:17:70:17:90":4,"b:19:4:26:Infinity:23:11:26:Infinity":0,"s:19:4:26:Infinity":5,"s:20:6:22:Infinity":6,"f:21:53:21:61":4,"s:21:70:21:90":7,"s:24:6:26:Infinity":8,"f:30:2:30:24":5,"s:30:24:30:Infinity":9}}}
}
